#! /usr/bin/vvp
:ivl_version "10.3 (stable)";
:ivl_delay_selection "TYPICAL";
:vpi_time_precision - 12;
:vpi_module "system";
:vpi_module "vhdl_sys";
:vpi_module "v2005_math";
:vpi_module "va_math";
S_0x55d6c8a99020 .scope module, "tb" "tb" 2 2;
 .timescale -8 -12;
v0x55d6c8aaf310_0 .var "S", 1 0;
v0x55d6c8aaf3d0_0 .net "Y", 3 0, L_0x55d6c8ac02a0;  1 drivers
S_0x55d6c8a991a0 .scope module, "dut" "mux4_1" 2 5, 3 1 0, S_0x55d6c8a99020;
 .timescale 0 0;
    .port_info 0 /INPUT 2 "S"
    .port_info 1 /OUTPUT 4 "Y"
v0x55d6c8a63080_0 .net "S", 1 0, v0x55d6c8aaf310_0;  1 drivers
v0x55d6c8aadfa0_0 .net "Y", 3 0, L_0x55d6c8ac02a0;  alias, 1 drivers
v0x55d6c8aae080_0 .net *"_s1", 0 0, L_0x55d6c8aaf4a0;  1 drivers
v0x55d6c8aae140_0 .net *"_s11", 0 0, L_0x55d6c8abf860;  1 drivers
v0x55d6c8aae220_0 .net *"_s12", 31 0, L_0x55d6c8abf930;  1 drivers
L_0x7f5d9e1300a8 .functor BUFT 1, C4<0000000000000000000000000000000>, C4<0>, C4<0>, C4<0>;
v0x55d6c8aae350_0 .net *"_s15", 30 0, L_0x7f5d9e1300a8;  1 drivers
L_0x7f5d9e1300f0 .functor BUFT 1, C4<00000000000000000000000000000000>, C4<0>, C4<0>, C4<0>;
v0x55d6c8aae430_0 .net/2u *"_s16", 31 0, L_0x7f5d9e1300f0;  1 drivers
v0x55d6c8aae510_0 .net *"_s18", 0 0, L_0x55d6c8abfaa0;  1 drivers
v0x55d6c8aae5d0_0 .net *"_s2", 31 0, L_0x55d6c8aaf570;  1 drivers
L_0x7f5d9e130138 .functor BUFT 1, C4<0001>, C4<0>, C4<0>, C4<0>;
v0x55d6c8aae6b0_0 .net/2u *"_s20", 3 0, L_0x7f5d9e130138;  1 drivers
L_0x7f5d9e130180 .functor BUFT 1, C4<0011>, C4<0>, C4<0>, C4<0>;
v0x55d6c8aae790_0 .net/2u *"_s22", 3 0, L_0x7f5d9e130180;  1 drivers
v0x55d6c8aae870_0 .net *"_s24", 3 0, L_0x55d6c8abfca0;  1 drivers
v0x55d6c8aae950_0 .net *"_s27", 0 0, L_0x55d6c8abfe30;  1 drivers
v0x55d6c8aaea30_0 .net *"_s28", 31 0, L_0x55d6c8abff20;  1 drivers
L_0x7f5d9e1301c8 .functor BUFT 1, C4<0000000000000000000000000000000>, C4<0>, C4<0>, C4<0>;
v0x55d6c8aaeb10_0 .net *"_s31", 30 0, L_0x7f5d9e1301c8;  1 drivers
L_0x7f5d9e130210 .functor BUFT 1, C4<00000000000000000000000000000000>, C4<0>, C4<0>, C4<0>;
v0x55d6c8aaebf0_0 .net/2u *"_s32", 31 0, L_0x7f5d9e130210;  1 drivers
v0x55d6c8aaecd0_0 .net *"_s34", 0 0, L_0x55d6c8ac0010;  1 drivers
L_0x7f5d9e130258 .functor BUFT 1, C4<0010>, C4<0>, C4<0>, C4<0>;
v0x55d6c8aaed90_0 .net/2u *"_s36", 3 0, L_0x7f5d9e130258;  1 drivers
L_0x7f5d9e1302a0 .functor BUFT 1, C4<0100>, C4<0>, C4<0>, C4<0>;
v0x55d6c8aaee70_0 .net/2u *"_s38", 3 0, L_0x7f5d9e1302a0;  1 drivers
v0x55d6c8aaef50_0 .net *"_s40", 3 0, L_0x55d6c8ac01b0;  1 drivers
L_0x7f5d9e130018 .functor BUFT 1, C4<0000000000000000000000000000000>, C4<0>, C4<0>, C4<0>;
v0x55d6c8aaf030_0 .net *"_s5", 30 0, L_0x7f5d9e130018;  1 drivers
L_0x7f5d9e130060 .functor BUFT 1, C4<00000000000000000000000000000000>, C4<0>, C4<0>, C4<0>;
v0x55d6c8aaf110_0 .net/2u *"_s6", 31 0, L_0x7f5d9e130060;  1 drivers
v0x55d6c8aaf1f0_0 .net *"_s8", 0 0, L_0x55d6c8abf6f0;  1 drivers
L_0x55d6c8aaf4a0 .part v0x55d6c8aaf310_0, 0, 1;
L_0x55d6c8aaf570 .concat [ 1 31 0 0], L_0x55d6c8aaf4a0, L_0x7f5d9e130018;
L_0x55d6c8abf6f0 .cmp/eq 32, L_0x55d6c8aaf570, L_0x7f5d9e130060;
L_0x55d6c8abf860 .part v0x55d6c8aaf310_0, 1, 1;
L_0x55d6c8abf930 .concat [ 1 31 0 0], L_0x55d6c8abf860, L_0x7f5d9e1300a8;
L_0x55d6c8abfaa0 .cmp/eq 32, L_0x55d6c8abf930, L_0x7f5d9e1300f0;
L_0x55d6c8abfca0 .functor MUXZ 4, L_0x7f5d9e130180, L_0x7f5d9e130138, L_0x55d6c8abfaa0, C4<>;
L_0x55d6c8abfe30 .part v0x55d6c8aaf310_0, 1, 1;
L_0x55d6c8abff20 .concat [ 1 31 0 0], L_0x55d6c8abfe30, L_0x7f5d9e1301c8;
L_0x55d6c8ac0010 .cmp/eq 32, L_0x55d6c8abff20, L_0x7f5d9e130210;
L_0x55d6c8ac01b0 .functor MUXZ 4, L_0x7f5d9e1302a0, L_0x7f5d9e130258, L_0x55d6c8ac0010, C4<>;
L_0x55d6c8ac02a0 .functor MUXZ 4, L_0x55d6c8ac01b0, L_0x55d6c8abfca0, L_0x55d6c8abf6f0, C4<>;
    .scope S_0x55d6c8a99020;
T_0 ;
    %vpi_call 2 7 "$monitor", "S = %b, Y = %d", v0x55d6c8aaf310_0, v0x55d6c8aaf3d0_0 {0 0 0};
    %vpi_call 2 8 "$dumpfile", "4_1mux.vcd" {0 0 0};
    %vpi_call 2 9 "$dumpvars", 32'sb00000000000000000000000000000000, v0x55d6c8aaf310_0, v0x55d6c8aaf3d0_0 {0 0 0};
    %pushi/vec4 0, 0, 2;
    %store/vec4 v0x55d6c8aaf310_0, 0, 2;
    %delay 50000, 0;
    %pushi/vec4 1, 0, 2;
    %store/vec4 v0x55d6c8aaf310_0, 0, 2;
    %delay 50000, 0;
    %pushi/vec4 2, 0, 2;
    %store/vec4 v0x55d6c8aaf310_0, 0, 2;
    %delay 50000, 0;
    %pushi/vec4 3, 0, 2;
    %store/vec4 v0x55d6c8aaf310_0, 0, 2;
    %end;
    .thread T_0;
# The file index is used to find the file name in the following table.
:file_names 4;
    "N/A";
    "<interactive>";
    "4_1mux_tb.v";
    "4_1mux.v";
