#! /usr/bin/vvp
:ivl_version "10.3 (stable)";
:ivl_delay_selection "TYPICAL";
:vpi_time_precision - 12;
:vpi_module "system";
:vpi_module "vhdl_sys";
:vpi_module "v2005_math";
:vpi_module "va_math";
S_0x55d06824dd60 .scope module, "tb" "tb" 2 2;
 .timescale -8 -12;
v0x55d068260390_0 .var "S", 1 0;
v0x55d068260470_0 .net "Y", 0 0, v0x55d06825fee0_0;  1 drivers
v0x55d068260540_0 .var "in0", 0 0;
v0x55d068260640_0 .var "in1", 0 0;
v0x55d068260710_0 .var "in2", 0 0;
v0x55d068260800_0 .var "in3", 0 0;
S_0x55d06824dee0 .scope module, "dut" "mux4_1" 2 6, 3 1 0, S_0x55d06824dd60;
 .timescale 0 0;
    .port_info 0 /INPUT 2 "S"
    .port_info 1 /OUTPUT 1 "Y"
    .port_info 2 /INPUT 1 "in0"
    .port_info 3 /INPUT 1 "in1"
    .port_info 4 /INPUT 1 "in2"
    .port_info 5 /INPUT 1 "in3"
v0x55d0682170d0_0 .net "S", 1 0, v0x55d068260390_0;  1 drivers
v0x55d06825fee0_0 .var "Y", 0 0;
v0x55d06825ffa0_0 .net "in0", 0 0, v0x55d068260540_0;  1 drivers
v0x55d068260040_0 .net "in1", 0 0, v0x55d068260640_0;  1 drivers
v0x55d068260100_0 .net "in2", 0 0, v0x55d068260710_0;  1 drivers
v0x55d068260210_0 .net "in3", 0 0, v0x55d068260800_0;  1 drivers
E_0x55d06824c9a0/0 .event edge, v0x55d0682170d0_0, v0x55d06825ffa0_0, v0x55d068260040_0, v0x55d068260100_0;
E_0x55d06824c9a0/1 .event edge, v0x55d068260210_0;
E_0x55d06824c9a0 .event/or E_0x55d06824c9a0/0, E_0x55d06824c9a0/1;
    .scope S_0x55d06824dee0;
T_0 ;
    %wait E_0x55d06824c9a0;
    %load/vec4 v0x55d0682170d0_0;
    %dup/vec4;
    %pushi/vec4 0, 0, 2;
    %cmp/u;
    %jmp/1 T_0.0, 6;
    %dup/vec4;
    %pushi/vec4 1, 0, 2;
    %cmp/u;
    %jmp/1 T_0.1, 6;
    %dup/vec4;
    %pushi/vec4 2, 0, 2;
    %cmp/u;
    %jmp/1 T_0.2, 6;
    %dup/vec4;
    %pushi/vec4 3, 0, 2;
    %cmp/u;
    %jmp/1 T_0.3, 6;
    %pushi/vec4 0, 0, 1;
    %store/vec4 v0x55d06825fee0_0, 0, 1;
    %jmp T_0.5;
T_0.0 ;
    %load/vec4 v0x55d06825ffa0_0;
    %store/vec4 v0x55d06825fee0_0, 0, 1;
    %jmp T_0.5;
T_0.1 ;
    %load/vec4 v0x55d068260040_0;
    %store/vec4 v0x55d06825fee0_0, 0, 1;
    %jmp T_0.5;
T_0.2 ;
    %load/vec4 v0x55d068260100_0;
    %store/vec4 v0x55d06825fee0_0, 0, 1;
    %jmp T_0.5;
T_0.3 ;
    %load/vec4 v0x55d068260210_0;
    %store/vec4 v0x55d06825fee0_0, 0, 1;
    %jmp T_0.5;
T_0.5 ;
    %pop/vec4 1;
    %jmp T_0;
    .thread T_0, $push;
    .scope S_0x55d06824dd60;
T_1 ;
    %vpi_call 2 8 "$monitor", "S = %b, Y = %d", v0x55d068260390_0, v0x55d068260470_0 {0 0 0};
    %vpi_call 2 9 "$dumpfile", "4_1mux.vcd" {0 0 0};
    %vpi_call 2 10 "$dumpvars", 32'sb00000000000000000000000000000000, v0x55d068260390_0, v0x55d068260470_0 {0 0 0};
    %pushi/vec4 0, 0, 2;
    %store/vec4 v0x55d068260390_0, 0, 2;
    %pushi/vec4 1, 0, 1;
    %store/vec4 v0x55d068260540_0, 0, 1;
    %pushi/vec4 0, 0, 1;
    %store/vec4 v0x55d068260640_0, 0, 1;
    %pushi/vec4 1, 0, 1;
    %store/vec4 v0x55d068260710_0, 0, 1;
    %pushi/vec4 0, 0, 1;
    %store/vec4 v0x55d068260800_0, 0, 1;
    %delay 50000, 0;
    %pushi/vec4 1, 0, 2;
    %store/vec4 v0x55d068260390_0, 0, 2;
    %delay 50000, 0;
    %pushi/vec4 2, 0, 2;
    %store/vec4 v0x55d068260390_0, 0, 2;
    %delay 50000, 0;
    %pushi/vec4 3, 0, 2;
    %store/vec4 v0x55d068260390_0, 0, 2;
    %end;
    .thread T_1;
# The file index is used to find the file name in the following table.
:file_names 4;
    "N/A";
    "<interactive>";
    "4_1mux_tb.v";
    "4_1mux2.v";
