#! /usr/bin/vvp
:ivl_version "10.3 (stable)";
:ivl_delay_selection "TYPICAL";
:vpi_time_precision - 12;
:vpi_module "system";
:vpi_module "vhdl_sys";
:vpi_module "v2005_math";
:vpi_module "va_math";
S_0x55cbb0370f50 .scope module, "tb" "tb" 2 2;
 .timescale -8 -12;
v0x55cbb03a0010_0 .var "A", 3 0;
v0x55cbb03a00f0_0 .var "B", 3 0;
v0x55cbb03a0190_0 .net "Cout", 0 0, L_0x55cbb03a1c10;  1 drivers
v0x55cbb03a0280_0 .net "S", 3 0, L_0x55cbb03a1fd0;  1 drivers
S_0x55cbb036e6b0 .scope module, "dut" "adder_4bit" 2 6, 3 15 0, S_0x55cbb0370f50;
 .timescale 0 0;
    .port_info 0 /INPUT 4 "A"
    .port_info 1 /INPUT 4 "B"
    .port_info 2 /OUTPUT 1 "Cout"
    .port_info 3 /OUTPUT 4 "S"
v0x55cbb039f970_0 .net "A", 3 0, v0x55cbb03a0010_0;  1 drivers
v0x55cbb039fa70_0 .net "B", 3 0, v0x55cbb03a00f0_0;  1 drivers
v0x55cbb039fb50_0 .net "Cout", 0 0, L_0x55cbb03a1c10;  alias, 1 drivers
v0x55cbb039fc20_0 .net "S", 3 0, L_0x55cbb03a1fd0;  alias, 1 drivers
v0x55cbb039fcc0_0 .net "c1", 0 0, L_0x55cbb03a03f0;  1 drivers
v0x55cbb039fdb0_0 .net "c2", 0 0, L_0x55cbb03a0bc0;  1 drivers
v0x55cbb039fea0_0 .net "c3", 0 0, L_0x55cbb03a13a0;  1 drivers
L_0x55cbb03a0500 .part v0x55cbb03a0010_0, 0, 1;
L_0x55cbb03a05f0 .part v0x55cbb03a00f0_0, 0, 1;
L_0x55cbb03a0cd0 .part v0x55cbb03a0010_0, 1, 1;
L_0x55cbb03a0e00 .part v0x55cbb03a00f0_0, 1, 1;
L_0x55cbb03a14b0 .part v0x55cbb03a0010_0, 2, 1;
L_0x55cbb03a1670 .part v0x55cbb03a00f0_0, 2, 1;
L_0x55cbb03a1d20 .part v0x55cbb03a0010_0, 3, 1;
L_0x55cbb03a1e50 .part v0x55cbb03a00f0_0, 3, 1;
L_0x55cbb03a1fd0 .concat8 [ 1 1 1 1], L_0x55cbb03a0320, L_0x55cbb03a0750, L_0x55cbb03a0fd0, L_0x55cbb03a18e0;
S_0x55cbb0375fb0 .scope module, "a0" "half_adder" 3 20, 3 8 0, S_0x55cbb036e6b0;
 .timescale 0 0;
    .port_info 0 /INPUT 1 "A"
    .port_info 1 /INPUT 1 "B"
    .port_info 2 /OUTPUT 1 "C"
    .port_info 3 /OUTPUT 1 "S"
L_0x55cbb03a0320 .functor XOR 1, L_0x55cbb03a0500, L_0x55cbb03a05f0, C4<0>, C4<0>;
L_0x55cbb03a03f0 .functor AND 1, L_0x55cbb03a0500, L_0x55cbb03a05f0, C4<1>, C4<1>;
v0x55cbb0376370_0 .net "A", 0 0, L_0x55cbb03a0500;  1 drivers
v0x55cbb0373b40_0 .net "B", 0 0, L_0x55cbb03a05f0;  1 drivers
v0x55cbb0371310_0 .net "C", 0 0, L_0x55cbb03a03f0;  alias, 1 drivers
v0x55cbb036eb00_0 .net "S", 0 0, L_0x55cbb03a0320;  1 drivers
S_0x55cbb039d720 .scope module, "a1" "full_adder" 3 21, 3 1 0, S_0x55cbb036e6b0;
 .timescale 0 0;
    .port_info 0 /INPUT 1 "A"
    .port_info 1 /INPUT 1 "B"
    .port_info 2 /INPUT 1 "Cin"
    .port_info 3 /OUTPUT 1 "Cout"
    .port_info 4 /OUTPUT 1 "S"
L_0x55cbb03a06e0 .functor XOR 1, L_0x55cbb03a0cd0, L_0x55cbb03a0e00, C4<0>, C4<0>;
L_0x55cbb03a0750 .functor XOR 1, L_0x55cbb03a06e0, L_0x55cbb03a03f0, C4<0>, C4<0>;
L_0x55cbb03a08a0 .functor AND 1, L_0x55cbb03a0cd0, L_0x55cbb03a0e00, C4<1>, C4<1>;
L_0x55cbb03a0960 .functor AND 1, L_0x55cbb03a0e00, L_0x55cbb03a03f0, C4<1>, C4<1>;
L_0x55cbb03a0a00 .functor OR 1, L_0x55cbb03a08a0, L_0x55cbb03a0960, C4<0>, C4<0>;
L_0x55cbb03a0b10 .functor AND 1, L_0x55cbb03a03f0, L_0x55cbb03a0cd0, C4<1>, C4<1>;
L_0x55cbb03a0bc0 .functor OR 1, L_0x55cbb03a0a00, L_0x55cbb03a0b10, C4<0>, C4<0>;
v0x55cbb039d990_0 .net "A", 0 0, L_0x55cbb03a0cd0;  1 drivers
v0x55cbb039da50_0 .net "B", 0 0, L_0x55cbb03a0e00;  1 drivers
v0x55cbb039db10_0 .net "Cin", 0 0, L_0x55cbb03a03f0;  alias, 1 drivers
v0x55cbb039dbe0_0 .net "Cout", 0 0, L_0x55cbb03a0bc0;  alias, 1 drivers
v0x55cbb039dc80_0 .net "S", 0 0, L_0x55cbb03a0750;  1 drivers
v0x55cbb039dd70_0 .net *"_s0", 0 0, L_0x55cbb03a06e0;  1 drivers
v0x55cbb039de50_0 .net *"_s10", 0 0, L_0x55cbb03a0b10;  1 drivers
v0x55cbb039df30_0 .net *"_s4", 0 0, L_0x55cbb03a08a0;  1 drivers
v0x55cbb039e010_0 .net *"_s6", 0 0, L_0x55cbb03a0960;  1 drivers
v0x55cbb039e0f0_0 .net *"_s8", 0 0, L_0x55cbb03a0a00;  1 drivers
S_0x55cbb039e270 .scope module, "a2" "full_adder" 3 22, 3 1 0, S_0x55cbb036e6b0;
 .timescale 0 0;
    .port_info 0 /INPUT 1 "A"
    .port_info 1 /INPUT 1 "B"
    .port_info 2 /INPUT 1 "Cin"
    .port_info 3 /OUTPUT 1 "Cout"
    .port_info 4 /OUTPUT 1 "S"
L_0x55cbb03a0f60 .functor XOR 1, L_0x55cbb03a14b0, L_0x55cbb03a1670, C4<0>, C4<0>;
L_0x55cbb03a0fd0 .functor XOR 1, L_0x55cbb03a0f60, L_0x55cbb03a0bc0, C4<0>, C4<0>;
L_0x55cbb03a10d0 .functor AND 1, L_0x55cbb03a14b0, L_0x55cbb03a1670, C4<1>, C4<1>;
L_0x55cbb03a1140 .functor AND 1, L_0x55cbb03a1670, L_0x55cbb03a0bc0, C4<1>, C4<1>;
L_0x55cbb03a11e0 .functor OR 1, L_0x55cbb03a10d0, L_0x55cbb03a1140, C4<0>, C4<0>;
L_0x55cbb03a12f0 .functor AND 1, L_0x55cbb03a0bc0, L_0x55cbb03a14b0, C4<1>, C4<1>;
L_0x55cbb03a13a0 .functor OR 1, L_0x55cbb03a11e0, L_0x55cbb03a12f0, C4<0>, C4<0>;
v0x55cbb039e4a0_0 .net "A", 0 0, L_0x55cbb03a14b0;  1 drivers
v0x55cbb039e560_0 .net "B", 0 0, L_0x55cbb03a1670;  1 drivers
v0x55cbb039e620_0 .net "Cin", 0 0, L_0x55cbb03a0bc0;  alias, 1 drivers
v0x55cbb039e720_0 .net "Cout", 0 0, L_0x55cbb03a13a0;  alias, 1 drivers
v0x55cbb039e7c0_0 .net "S", 0 0, L_0x55cbb03a0fd0;  1 drivers
v0x55cbb039e8b0_0 .net *"_s0", 0 0, L_0x55cbb03a0f60;  1 drivers
v0x55cbb039e990_0 .net *"_s10", 0 0, L_0x55cbb03a12f0;  1 drivers
v0x55cbb039ea70_0 .net *"_s4", 0 0, L_0x55cbb03a10d0;  1 drivers
v0x55cbb039eb50_0 .net *"_s6", 0 0, L_0x55cbb03a1140;  1 drivers
v0x55cbb039ec30_0 .net *"_s8", 0 0, L_0x55cbb03a11e0;  1 drivers
S_0x55cbb039edb0 .scope module, "a3" "full_adder" 3 23, 3 1 0, S_0x55cbb036e6b0;
 .timescale 0 0;
    .port_info 0 /INPUT 1 "A"
    .port_info 1 /INPUT 1 "B"
    .port_info 2 /INPUT 1 "Cin"
    .port_info 3 /OUTPUT 1 "Cout"
    .port_info 4 /OUTPUT 1 "S"
L_0x55cbb03a1870 .functor XOR 1, L_0x55cbb03a1d20, L_0x55cbb03a1e50, C4<0>, C4<0>;
L_0x55cbb03a18e0 .functor XOR 1, L_0x55cbb03a1870, L_0x55cbb03a13a0, C4<0>, C4<0>;
L_0x55cbb03a19e0 .functor AND 1, L_0x55cbb03a1d20, L_0x55cbb03a1e50, C4<1>, C4<1>;
L_0x55cbb03a1a50 .functor AND 1, L_0x55cbb03a1e50, L_0x55cbb03a13a0, C4<1>, C4<1>;
L_0x55cbb03a1af0 .functor OR 1, L_0x55cbb03a19e0, L_0x55cbb03a1a50, C4<0>, C4<0>;
L_0x55cbb03a1b60 .functor AND 1, L_0x55cbb03a13a0, L_0x55cbb03a1d20, C4<1>, C4<1>;
L_0x55cbb03a1c10 .functor OR 1, L_0x55cbb03a1af0, L_0x55cbb03a1b60, C4<0>, C4<0>;
v0x55cbb039efb0_0 .net "A", 0 0, L_0x55cbb03a1d20;  1 drivers
v0x55cbb039f090_0 .net "B", 0 0, L_0x55cbb03a1e50;  1 drivers
v0x55cbb039f150_0 .net "Cin", 0 0, L_0x55cbb03a13a0;  alias, 1 drivers
v0x55cbb039f250_0 .net "Cout", 0 0, L_0x55cbb03a1c10;  alias, 1 drivers
v0x55cbb039f2f0_0 .net "S", 0 0, L_0x55cbb03a18e0;  1 drivers
v0x55cbb039f3e0_0 .net *"_s0", 0 0, L_0x55cbb03a1870;  1 drivers
v0x55cbb039f4c0_0 .net *"_s10", 0 0, L_0x55cbb03a1b60;  1 drivers
v0x55cbb039f5a0_0 .net *"_s4", 0 0, L_0x55cbb03a19e0;  1 drivers
v0x55cbb039f680_0 .net *"_s6", 0 0, L_0x55cbb03a1a50;  1 drivers
v0x55cbb039f7f0_0 .net *"_s8", 0 0, L_0x55cbb03a1af0;  1 drivers
    .scope S_0x55cbb0370f50;
T_0 ;
    %vpi_call 2 8 "$monitor", "A = %b, B = %b, S = %b, Cout = %b", v0x55cbb03a0010_0, v0x55cbb03a00f0_0, v0x55cbb03a0280_0, v0x55cbb03a0190_0 {0 0 0};
    %vpi_call 2 9 "$dumpfile", "4_add.vcd" {0 0 0};
    %vpi_call 2 10 "$dumpvars", 32'sb00000000000000000000000000000000, v0x55cbb03a0010_0, v0x55cbb03a00f0_0, v0x55cbb03a0280_0, v0x55cbb03a0190_0 {0 0 0};
    %pushi/vec4 2, 0, 4;
    %store/vec4 v0x55cbb03a0010_0, 0, 4;
    %pushi/vec4 4, 0, 4;
    %store/vec4 v0x55cbb03a00f0_0, 0, 4;
    %delay 20000, 0;
    %pushi/vec4 10, 0, 4;
    %store/vec4 v0x55cbb03a0010_0, 0, 4;
    %pushi/vec4 5, 0, 4;
    %store/vec4 v0x55cbb03a00f0_0, 0, 4;
    %delay 20000, 0;
    %pushi/vec4 15, 0, 4;
    %store/vec4 v0x55cbb03a0010_0, 0, 4;
    %pushi/vec4 1, 0, 4;
    %store/vec4 v0x55cbb03a00f0_0, 0, 4;
    %delay 20000, 0;
    %pushi/vec4 9, 0, 4;
    %store/vec4 v0x55cbb03a0010_0, 0, 4;
    %pushi/vec4 1, 0, 4;
    %store/vec4 v0x55cbb03a00f0_0, 0, 4;
    %delay 20000, 0;
    %vpi_call 2 15 "$finish" {0 0 0};
    %end;
    .thread T_0;
# The file index is used to find the file name in the following table.
:file_names 4;
    "N/A";
    "<interactive>";
    "4_adder_tb.v";
    "4_adder.v";
