#! /usr/bin/vvp
:ivl_version "10.3 (stable)";
:ivl_delay_selection "TYPICAL";
:vpi_time_precision + 0;
:vpi_module "system";
:vpi_module "vhdl_sys";
:vpi_module "v2005_math";
:vpi_module "va_math";
S_0x55c3de6960d0 .scope module, "alu" "alu" 2 1;
 .timescale 0 0;
    .port_info 0 /INPUT 8 "A"
    .port_info 1 /INPUT 8 "B"
    .port_info 2 /OUTPUT 8 "Y"
    .port_info 3 /INPUT 1 "opt"
o0x7f4b1e0a0018 .functor BUFZ 8, C4<zzzzzzzz>; HiZ drive
v0x55c3de6962e0_0 .net "A", 7 0, o0x7f4b1e0a0018;  0 drivers
o0x7f4b1e0a0048 .functor BUFZ 8, C4<zzzzzzzz>; HiZ drive
v0x55c3de6dbcc0_0 .net "B", 7 0, o0x7f4b1e0a0048;  0 drivers
v0x55c3de6dbda0_0 .var "Y", 7 0;
o0x7f4b1e0a00a8 .functor BUFZ 1, C4<z>; HiZ drive
v0x55c3de6dbe90_0 .net "opt", 0 0, o0x7f4b1e0a00a8;  0 drivers
    .scope S_0x55c3de6960d0;
T_0 ;
    %load/vec4 v0x55c3de6dbe90_0;
    %pad/u 4;
    %dup/vec4;
    %pushi/vec4 1, 0, 4;
    %cmp/u;
    %jmp/1 T_0.0, 6;
    %dup/vec4;
    %pushi/vec4 2, 0, 4;
    %cmp/u;
    %jmp/1 T_0.1, 6;
    %dup/vec4;
    %pushi/vec4 3, 0, 4;
    %cmp/u;
    %jmp/1 T_0.2, 6;
    %dup/vec4;
    %pushi/vec4 4, 0, 4;
    %cmp/u;
    %jmp/1 T_0.3, 6;
    %dup/vec4;
    %pushi/vec4 5, 0, 4;
    %cmp/u;
    %jmp/1 T_0.4, 6;
    %dup/vec4;
    %pushi/vec4 6, 0, 4;
    %cmp/u;
    %jmp/1 T_0.5, 6;
    %dup/vec4;
    %pushi/vec4 7, 0, 4;
    %cmp/u;
    %jmp/1 T_0.6, 6;
    %dup/vec4;
    %pushi/vec4 8, 0, 4;
    %cmp/u;
    %jmp/1 T_0.7, 6;
    %dup/vec4;
    %pushi/vec4 9, 0, 4;
    %cmp/u;
    %jmp/1 T_0.8, 6;
    %pushi/vec4 0, 0, 8;
    %store/vec4 v0x55c3de6dbda0_0, 0, 8;
    %jmp T_0.10;
T_0.0 ;
    %load/vec4 v0x55c3de6962e0_0;
    %pushi/vec4 0, 0, 8;
    %cmp/e;
    %flag_get/vec4 4;
    %inv;
    %load/vec4 v0x55c3de6dbcc0_0;
    %pushi/vec4 0, 0, 8;
    %cmp/e;
    %flag_get/vec4 4;
    %inv;
    %or;
    %pad/u 8;
    %store/vec4 v0x55c3de6dbda0_0, 0, 8;
    %jmp T_0.10;
T_0.1 ;
    %load/vec4 v0x55c3de6962e0_0;
    %pushi/vec4 0, 0, 8;
    %cmp/e;
    %flag_get/vec4 4;
    %inv;
    %load/vec4 v0x55c3de6dbcc0_0;
    %pushi/vec4 0, 0, 8;
    %cmp/e;
    %flag_get/vec4 4;
    %inv;
    %and;
    %pad/u 8;
    %store/vec4 v0x55c3de6dbda0_0, 0, 8;
    %jmp T_0.10;
T_0.2 ;
    %load/vec4 v0x55c3de6962e0_0;
    %load/vec4 v0x55c3de6dbcc0_0;
    %mod;
    %store/vec4 v0x55c3de6dbda0_0, 0, 8;
    %jmp T_0.10;
T_0.3 ;
    %load/vec4 v0x55c3de6962e0_0;
    %load/vec4 v0x55c3de6dbcc0_0;
    %pow;
    %store/vec4 v0x55c3de6dbda0_0, 0, 8;
    %jmp T_0.10;
T_0.4 ;
    %load/vec4 v0x55c3de6962e0_0;
    %nor/r;
    %load/vec4 v0x55c3de6dbcc0_0;
    %nor/r;
    %and;
    %pad/u 8;
    %store/vec4 v0x55c3de6dbda0_0, 0, 8;
    %jmp T_0.10;
T_0.5 ;
    %load/vec4 v0x55c3de6962e0_0;
    %load/vec4 v0x55c3de6dbcc0_0;
    %sub;
    %store/vec4 v0x55c3de6dbda0_0, 0, 8;
    %jmp T_0.10;
T_0.6 ;
    %load/vec4 v0x55c3de6962e0_0;
    %load/vec4 v0x55c3de6dbcc0_0;
    %add;
    %store/vec4 v0x55c3de6dbda0_0, 0, 8;
    %jmp T_0.10;
T_0.7 ;
    %load/vec4 v0x55c3de6962e0_0;
    %load/vec4 v0x55c3de6dbcc0_0;
    %mul;
    %store/vec4 v0x55c3de6dbda0_0, 0, 8;
    %jmp T_0.10;
T_0.8 ;
    %load/vec4 v0x55c3de6962e0_0;
    %load/vec4 v0x55c3de6dbcc0_0;
    %div;
    %store/vec4 v0x55c3de6dbda0_0, 0, 8;
    %jmp T_0.10;
T_0.10 ;
    %pop/vec4 1;
    %end;
    .thread T_0;
# The file index is used to find the file name in the following table.
:file_names 3;
    "N/A";
    "<interactive>";
    "alu.v";
