#! /usr/bin/vvp
:ivl_version "10.3 (stable)";
:ivl_delay_selection "TYPICAL";
:vpi_time_precision - 12;
:vpi_module "system";
:vpi_module "vhdl_sys";
:vpi_module "v2005_math";
:vpi_module "va_math";
S_0x5563e629c1e0 .scope module, "tb" "tb" 2 2;
 .timescale -8 -12;
v0x5563e62aff60_0 .var "A", 7 0;
v0x5563e62b0040_0 .var "B", 7 0;
v0x5563e62b0110_0 .net "Y", 7 0, v0x5563e62afce0_0;  1 drivers
v0x5563e62b0210_0 .var/i "i", 31 0;
v0x5563e62b02b0_0 .var "opt", 3 0;
S_0x5563e629c360 .scope module, "dut" "alu" 2 7, 3 1 0, S_0x5563e629c1e0;
 .timescale 0 0;
    .port_info 0 /INPUT 8 "A"
    .port_info 1 /INPUT 8 "B"
    .port_info 2 /OUTPUT 8 "Y"
    .port_info 3 /INPUT 4 "opt"
v0x5563e62640a0_0 .net "A", 7 0, v0x5563e62aff60_0;  1 drivers
v0x5563e62afc00_0 .net "B", 7 0, v0x5563e62b0040_0;  1 drivers
v0x5563e62afce0_0 .var "Y", 7 0;
v0x5563e62afdd0_0 .net "opt", 3 0, v0x5563e62b02b0_0;  1 drivers
E_0x5563e629cf00 .event edge, v0x5563e62afdd0_0, v0x5563e62640a0_0, v0x5563e62afc00_0;
    .scope S_0x5563e629c360;
T_0 ;
    %wait E_0x5563e629cf00;
    %load/vec4 v0x5563e62afdd0_0;
    %dup/vec4;
    %pushi/vec4 1, 0, 4;
    %cmp/u;
    %jmp/1 T_0.0, 6;
    %dup/vec4;
    %pushi/vec4 2, 0, 4;
    %cmp/u;
    %jmp/1 T_0.1, 6;
    %dup/vec4;
    %pushi/vec4 3, 0, 4;
    %cmp/u;
    %jmp/1 T_0.2, 6;
    %dup/vec4;
    %pushi/vec4 4, 0, 4;
    %cmp/u;
    %jmp/1 T_0.3, 6;
    %dup/vec4;
    %pushi/vec4 5, 0, 4;
    %cmp/u;
    %jmp/1 T_0.4, 6;
    %dup/vec4;
    %pushi/vec4 6, 0, 4;
    %cmp/u;
    %jmp/1 T_0.5, 6;
    %dup/vec4;
    %pushi/vec4 7, 0, 4;
    %cmp/u;
    %jmp/1 T_0.6, 6;
    %dup/vec4;
    %pushi/vec4 8, 0, 4;
    %cmp/u;
    %jmp/1 T_0.7, 6;
    %dup/vec4;
    %pushi/vec4 9, 0, 4;
    %cmp/u;
    %jmp/1 T_0.8, 6;
    %pushi/vec4 0, 0, 8;
    %store/vec4 v0x5563e62afce0_0, 0, 8;
    %jmp T_0.10;
T_0.0 ;
    %load/vec4 v0x5563e62640a0_0;
    %pushi/vec4 0, 0, 8;
    %cmp/e;
    %flag_get/vec4 4;
    %inv;
    %load/vec4 v0x5563e62afc00_0;
    %pushi/vec4 0, 0, 8;
    %cmp/e;
    %flag_get/vec4 4;
    %inv;
    %or;
    %pad/u 8;
    %store/vec4 v0x5563e62afce0_0, 0, 8;
    %jmp T_0.10;
T_0.1 ;
    %load/vec4 v0x5563e62640a0_0;
    %pushi/vec4 0, 0, 8;
    %cmp/e;
    %flag_get/vec4 4;
    %inv;
    %load/vec4 v0x5563e62afc00_0;
    %pushi/vec4 0, 0, 8;
    %cmp/e;
    %flag_get/vec4 4;
    %inv;
    %and;
    %pad/u 8;
    %store/vec4 v0x5563e62afce0_0, 0, 8;
    %jmp T_0.10;
T_0.2 ;
    %load/vec4 v0x5563e62640a0_0;
    %load/vec4 v0x5563e62afc00_0;
    %mod;
    %store/vec4 v0x5563e62afce0_0, 0, 8;
    %jmp T_0.10;
T_0.3 ;
    %load/vec4 v0x5563e62640a0_0;
    %load/vec4 v0x5563e62afc00_0;
    %pow;
    %store/vec4 v0x5563e62afce0_0, 0, 8;
    %jmp T_0.10;
T_0.4 ;
    %load/vec4 v0x5563e62640a0_0;
    %nor/r;
    %load/vec4 v0x5563e62afc00_0;
    %nor/r;
    %and;
    %pad/u 8;
    %store/vec4 v0x5563e62afce0_0, 0, 8;
    %jmp T_0.10;
T_0.5 ;
    %load/vec4 v0x5563e62640a0_0;
    %load/vec4 v0x5563e62afc00_0;
    %sub;
    %store/vec4 v0x5563e62afce0_0, 0, 8;
    %jmp T_0.10;
T_0.6 ;
    %load/vec4 v0x5563e62640a0_0;
    %load/vec4 v0x5563e62afc00_0;
    %add;
    %store/vec4 v0x5563e62afce0_0, 0, 8;
    %jmp T_0.10;
T_0.7 ;
    %load/vec4 v0x5563e62640a0_0;
    %load/vec4 v0x5563e62afc00_0;
    %mul;
    %store/vec4 v0x5563e62afce0_0, 0, 8;
    %jmp T_0.10;
T_0.8 ;
    %load/vec4 v0x5563e62640a0_0;
    %load/vec4 v0x5563e62afc00_0;
    %div;
    %store/vec4 v0x5563e62afce0_0, 0, 8;
    %jmp T_0.10;
T_0.10 ;
    %pop/vec4 1;
    %jmp T_0;
    .thread T_0, $push;
    .scope S_0x5563e629c1e0;
T_1 ;
    %pushi/vec4 161, 0, 8;
    %store/vec4 v0x5563e62aff60_0, 0, 8;
    %pushi/vec4 1, 0, 8;
    %store/vec4 v0x5563e62b0040_0, 0, 8;
    %vpi_call 2 11 "$monitor", "opt = %b, A = %b, B = %b, Y = %b", v0x5563e62b02b0_0, v0x5563e62aff60_0, v0x5563e62b0040_0, v0x5563e62b0110_0 {0 0 0};
    %vpi_call 2 12 "$dumpfile", "alu.vcd" {0 0 0};
    %vpi_call 2 13 "$dumpvars", 32'sb00000000000000000000000000000000, v0x5563e62aff60_0, v0x5563e62b0040_0, v0x5563e62b0110_0, v0x5563e62b02b0_0 {0 0 0};
    %pushi/vec4 1, 0, 32;
    %store/vec4 v0x5563e62b0210_0, 0, 32;
T_1.0 ;
    %load/vec4 v0x5563e62b0210_0;
    %cmpi/s 10, 0, 32;
    %jmp/0xz T_1.1, 5;
    %delay 20000, 0;
    %load/vec4 v0x5563e62b0210_0;
    %pad/s 4;
    %store/vec4 v0x5563e62b02b0_0, 0, 4;
    %load/vec4 v0x5563e62b0210_0;
    %addi 1, 0, 32;
    %store/vec4 v0x5563e62b0210_0, 0, 32;
    %jmp T_1.0;
T_1.1 ;
    %delay 20000, 0;
    %vpi_call 2 17 "$finish" {0 0 0};
    %end;
    .thread T_1;
# The file index is used to find the file name in the following table.
:file_names 4;
    "N/A";
    "<interactive>";
    "alu_tb.v";
    "alu.v";
