#! /usr/bin/vvp
:ivl_version "10.3 (stable)";
:ivl_delay_selection "TYPICAL";
:vpi_time_precision - 12;
:vpi_module "system";
:vpi_module "vhdl_sys";
:vpi_module "v2005_math";
:vpi_module "va_math";
S_0x55ef76f84070 .scope module, "tb" "tb" 2 2;
 .timescale -8 -12;
L_0x55ef76fb8440 .functor NOT 1, v0x55ef76fb7a90_0, C4<0>, C4<0>, C4<0>;
RS_0x7fdfb479a018 .resolv tri, L_0x55ef76fb81b0, L_0x55ef76fb8240;
v0x55ef76fb7920_0 .net8 "A", 0 0, RS_0x7fdfb479a018;  2 drivers, strength-aware
RS_0x7fdfb479a048 .resolv tri, L_0x55ef76fb8060, L_0x55ef76fb84b0;
v0x55ef76fb79c0_0 .net8 "B", 0 0, RS_0x7fdfb479a048;  2 drivers, strength-aware
v0x55ef76fb7a90_0 .var "E", 0 0;
o0x7fdfb479a138 .functor BUFZ 1, C4<z>; HiZ drive
; Elide local net with no drivers, v0x55ef76fb7b90_0 name=_s0
v0x55ef76fb7c30_0 .net *"_s4", 0 0, L_0x55ef76fb8440;  1 drivers
o0x7fdfb479a198 .functor BUFZ 1, C4<z>; HiZ drive
; Elide local net with no drivers, v0x55ef76fb7d20_0 name=_s6
v0x55ef76fb7e00_0 .var/i "i", 31 0;
v0x55ef76fb7ee0_0 .var "tempa", 0 0;
v0x55ef76fb7fa0_0 .var "tempb", 0 0;
L_0x55ef76fb8240 .functor MUXZ 1, o0x7fdfb479a138, v0x55ef76fb7ee0_0, v0x55ef76fb7a90_0, C4<>;
L_0x55ef76fb84b0 .functor MUXZ 1, o0x7fdfb479a198, v0x55ef76fb7fa0_0, L_0x55ef76fb8440, C4<>;
S_0x55ef76f841f0 .scope module, "dut" "bidirectional" 2 7, 3 1 0, S_0x55ef76f84070;
 .timescale 0 0;
    .port_info 0 /INPUT 1 "E"
    .port_info 1 /INOUT 1 "A"
    .port_info 2 /INOUT 1 "B"
L_0x55ef76fb8060 .functor BUFIF1 1, RS_0x7fdfb479a018, v0x55ef76fb7a90_0, C4<0>, C4<0>;
L_0x55ef76fb81b0 .functor BUFIF0 1, RS_0x7fdfb479a048, v0x55ef76fb7a90_0, C4<0>, C4<0>;
v0x55ef76f81e70_0 .net8 "A", 0 0, RS_0x7fdfb479a018;  alias, 2 drivers, strength-aware
v0x55ef76f81380_0 .net8 "B", 0 0, RS_0x7fdfb479a048;  alias, 2 drivers, strength-aware
v0x55ef76fb7800_0 .net "E", 0 0, v0x55ef76fb7a90_0;  1 drivers
    .scope S_0x55ef76f84070;
T_0 ;
    %pushi/vec4 0, 0, 32;
    %store/vec4 v0x55ef76fb7e00_0, 0, 32;
T_0.0 ;
    %load/vec4 v0x55ef76fb7e00_0;
    %cmpi/s 8, 0, 32;
    %jmp/0xz T_0.1, 5;
    %load/vec4 v0x55ef76fb7e00_0;
    %pad/s 3;
    %split/vec4 1;
    %store/vec4 v0x55ef76fb7a90_0, 0, 1;
    %split/vec4 1;
    %store/vec4 v0x55ef76fb7fa0_0, 0, 1;
    %store/vec4 v0x55ef76fb7ee0_0, 0, 1;
    %delay 100000, 0;
    %load/vec4 v0x55ef76fb7e00_0;
    %addi 1, 0, 32;
    %store/vec4 v0x55ef76fb7e00_0, 0, 32;
    %jmp T_0.0;
T_0.1 ;
    %end;
    .thread T_0;
    .scope S_0x55ef76f84070;
T_1 ;
    %vpi_call 2 17 "$monitor", "A = %b, B = %b, E = %b", v0x55ef76fb7920_0, v0x55ef76fb79c0_0, v0x55ef76fb7a90_0 {0 0 0};
    %vpi_call 2 18 "$dumpfile", "bidirec.vcd" {0 0 0};
    %vpi_call 2 19 "$dumpvars", 32'sb00000000000000000000000000000000, v0x55ef76fb7920_0, v0x55ef76fb79c0_0, v0x55ef76fb7a90_0 {0 0 0};
    %end;
    .thread T_1;
# The file index is used to find the file name in the following table.
:file_names 4;
    "N/A";
    "<interactive>";
    "bidirectional_tb.v";
    "bidirectional.v";
