#! /usr/bin/vvp
:ivl_version "10.3 (stable)";
:ivl_delay_selection "TYPICAL";
:vpi_time_precision - 12;
:vpi_module "system";
:vpi_module "vhdl_sys";
:vpi_module "v2005_math";
:vpi_module "va_math";
S_0x55a15f083f70 .scope module, "tb" "tb" 2 2;
 .timescale -8 -12;
P_0x55a15f04db50 .param/l "N" 0 2 3, +C4<00000000000000000000000000000010>;
v0x55a15f096170_0 .var "B", 1 0;
v0x55a15f096260_0 .net "Y", 3 0, v0x55a15f095f40_0;  1 drivers
v0x55a15f096330_0 .var/i "i", 31 0;
S_0x55a15f084140 .scope module, "dut" "binary_to_one_hot" 2 7, 3 1 0, S_0x55a15f083f70;
 .timescale 0 0;
    .port_info 0 /INPUT 2 "B"
    .port_info 1 /OUTPUT 4 "Y"
P_0x55a15f04d080 .param/l "N" 0 3 2, +C4<00000000000000000000000000000010>;
v0x55a15f04d150_0 .net "B", 1 0, v0x55a15f096170_0;  1 drivers
v0x55a15f095f40_0 .var "Y", 3 0;
v0x55a15f096020_0 .var/i "i", 31 0;
E_0x55a15f084ab0 .event edge, v0x55a15f096020_0, v0x55a15f04d150_0;
    .scope S_0x55a15f084140;
T_0 ;
    %wait E_0x55a15f084ab0;
    %pushi/vec4 0, 0, 4;
    %store/vec4 v0x55a15f095f40_0, 0, 4;
    %pushi/vec4 0, 0, 32;
    %store/vec4 v0x55a15f096020_0, 0, 32;
T_0.0 ;
    %load/vec4 v0x55a15f096020_0;
    %cmpi/s 4, 0, 32;
    %jmp/0xz T_0.1, 5;
    %load/vec4 v0x55a15f096020_0;
    %load/vec4 v0x55a15f04d150_0;
    %pad/u 32;
    %cmp/e;
    %jmp/0xz  T_0.2, 4;
    %pushi/vec4 1, 0, 1;
    %ix/getv/s 4, v0x55a15f096020_0;
    %store/vec4 v0x55a15f095f40_0, 4, 1;
T_0.2 ;
    %load/vec4 v0x55a15f096020_0;
    %addi 1, 0, 32;
    %store/vec4 v0x55a15f096020_0, 0, 32;
    %jmp T_0.0;
T_0.1 ;
    %jmp T_0;
    .thread T_0, $push;
    .scope S_0x55a15f083f70;
T_1 ;
    %vpi_call 2 9 "$monitor", "B = %b, Y = %b", v0x55a15f096170_0, v0x55a15f096260_0 {0 0 0};
    %vpi_call 2 10 "$dumpfile", "Binary_onehot.vcd" {0 0 0};
    %vpi_call 2 11 "$dumpvars", 32'sb00000000000000000000000000000000, v0x55a15f096170_0, v0x55a15f096260_0 {0 0 0};
    %pushi/vec4 0, 0, 32;
    %store/vec4 v0x55a15f096330_0, 0, 32;
T_1.0 ;
    %load/vec4 v0x55a15f096330_0;
    %cmpi/s 4, 0, 32;
    %jmp/0xz T_1.1, 5;
    %delay 20000, 0;
    %load/vec4 v0x55a15f096330_0;
    %pad/s 2;
    %store/vec4 v0x55a15f096170_0, 0, 2;
    %load/vec4 v0x55a15f096330_0;
    %addi 1, 0, 32;
    %store/vec4 v0x55a15f096330_0, 0, 32;
    %jmp T_1.0;
T_1.1 ;
    %delay 20000, 0;
    %vpi_call 2 15 "$finish" {0 0 0};
    %end;
    .thread T_1;
# The file index is used to find the file name in the following table.
:file_names 4;
    "N/A";
    "<interactive>";
    "bin_one_tb.v";
    "bin_one.v";
