#! /usr/bin/vvp
:ivl_version "10.3 (stable)";
:ivl_delay_selection "TYPICAL";
:vpi_time_precision - 12;
:vpi_module "system";
:vpi_module "vhdl_sys";
:vpi_module "v2005_math";
:vpi_module "va_math";
S_0x559a015ea7e0 .scope module, "tb" "tb" 2 2;
 .timescale -8 -12;
v0x559a0161b9e0_0 .var "A", 3 0;
v0x559a0161bac0_0 .var "B", 3 0;
v0x559a0161bb60_0 .var "Cin", 0 0;
v0x559a0161bc50_0 .net "Cout", 0 0, L_0x559a0161dbe0;  1 drivers
v0x559a0161bd40_0 .net "S", 3 0, L_0x559a0161dfa0;  1 drivers
S_0x559a015e7f20 .scope module, "dut" "carry_4" 2 7, 3 8 0, S_0x559a015ea7e0;
 .timescale 0 0;
    .port_info 0 /INPUT 4 "A"
    .port_info 1 /INPUT 4 "B"
    .port_info 2 /INPUT 1 "Cin"
    .port_info 3 /OUTPUT 1 "Cout"
    .port_info 4 /OUTPUT 4 "S"
v0x559a0161b270_0 .net "A", 3 0, v0x559a0161b9e0_0;  1 drivers
v0x559a0161b370_0 .net "B", 3 0, v0x559a0161bac0_0;  1 drivers
v0x559a0161b450_0 .net "Cin", 0 0, v0x559a0161bb60_0;  1 drivers
v0x559a0161b520_0 .net "Cout", 0 0, L_0x559a0161dbe0;  alias, 1 drivers
v0x559a0161b5f0_0 .net "S", 3 0, L_0x559a0161dfa0;  alias, 1 drivers
v0x559a0161b690_0 .net "c1", 0 0, L_0x559a0161c340;  1 drivers
v0x559a0161b780_0 .net "c2", 0 0, L_0x559a0161cb90;  1 drivers
v0x559a0161b870_0 .net "c3", 0 0, L_0x559a0161d370;  1 drivers
L_0x559a0161c450 .part v0x559a0161b9e0_0, 0, 1;
L_0x559a0161c580 .part v0x559a0161bac0_0, 0, 1;
L_0x559a0161cca0 .part v0x559a0161b9e0_0, 1, 1;
L_0x559a0161cdd0 .part v0x559a0161bac0_0, 1, 1;
L_0x559a0161d480 .part v0x559a0161b9e0_0, 2, 1;
L_0x559a0161d640 .part v0x559a0161bac0_0, 2, 1;
L_0x559a0161dcf0 .part v0x559a0161b9e0_0, 3, 1;
L_0x559a0161de20 .part v0x559a0161bac0_0, 3, 1;
L_0x559a0161dfa0 .concat8 [ 1 1 1 1], L_0x559a0161bea0, L_0x559a0161c720, L_0x559a0161cfa0, L_0x559a0161d8b0;
S_0x559a015ef840 .scope module, "a0" "full_adder" 3 14, 3 1 0, S_0x559a015e7f20;
 .timescale 0 0;
    .port_info 0 /INPUT 1 "A"
    .port_info 1 /INPUT 1 "B"
    .port_info 2 /INPUT 1 "Cin"
    .port_info 3 /OUTPUT 1 "Cout"
    .port_info 4 /OUTPUT 1 "S"
L_0x559a0161be30 .functor XOR 1, L_0x559a0161c450, L_0x559a0161c580, C4<0>, C4<0>;
L_0x559a0161bea0 .functor XOR 1, L_0x559a0161be30, v0x559a0161bb60_0, C4<0>, C4<0>;
L_0x559a0161bf90 .functor AND 1, L_0x559a0161c450, L_0x559a0161c580, C4<1>, C4<1>;
L_0x559a0161c0a0 .functor AND 1, L_0x559a0161c580, v0x559a0161bb60_0, C4<1>, C4<1>;
L_0x559a0161c1d0 .functor OR 1, L_0x559a0161bf90, L_0x559a0161c0a0, C4<0>, C4<0>;
L_0x559a0161c290 .functor AND 1, v0x559a0161bb60_0, L_0x559a0161c450, C4<1>, C4<1>;
L_0x559a0161c340 .functor OR 1, L_0x559a0161c1d0, L_0x559a0161c290, C4<0>, C4<0>;
v0x559a015efc00_0 .net "A", 0 0, L_0x559a0161c450;  1 drivers
v0x559a015ed3d0_0 .net "B", 0 0, L_0x559a0161c580;  1 drivers
v0x559a015eaba0_0 .net "Cin", 0 0, v0x559a0161bb60_0;  alias, 1 drivers
v0x559a015e8340_0 .net "Cout", 0 0, L_0x559a0161c340;  alias, 1 drivers
v0x559a01618b80_0 .net "S", 0 0, L_0x559a0161bea0;  1 drivers
v0x559a01618c90_0 .net *"_s0", 0 0, L_0x559a0161be30;  1 drivers
v0x559a01618d70_0 .net *"_s10", 0 0, L_0x559a0161c290;  1 drivers
v0x559a01618e50_0 .net *"_s4", 0 0, L_0x559a0161bf90;  1 drivers
v0x559a01618f30_0 .net *"_s6", 0 0, L_0x559a0161c0a0;  1 drivers
v0x559a01619010_0 .net *"_s8", 0 0, L_0x559a0161c1d0;  1 drivers
S_0x559a01619190 .scope module, "a1" "full_adder" 3 15, 3 1 0, S_0x559a015e7f20;
 .timescale 0 0;
    .port_info 0 /INPUT 1 "A"
    .port_info 1 /INPUT 1 "B"
    .port_info 2 /INPUT 1 "Cin"
    .port_info 3 /OUTPUT 1 "Cout"
    .port_info 4 /OUTPUT 1 "S"
L_0x559a0161c6b0 .functor XOR 1, L_0x559a0161cca0, L_0x559a0161cdd0, C4<0>, C4<0>;
L_0x559a0161c720 .functor XOR 1, L_0x559a0161c6b0, L_0x559a0161c340, C4<0>, C4<0>;
L_0x559a0161c870 .functor AND 1, L_0x559a0161cca0, L_0x559a0161cdd0, C4<1>, C4<1>;
L_0x559a0161c930 .functor AND 1, L_0x559a0161cdd0, L_0x559a0161c340, C4<1>, C4<1>;
L_0x559a0161c9d0 .functor OR 1, L_0x559a0161c870, L_0x559a0161c930, C4<0>, C4<0>;
L_0x559a0161cae0 .functor AND 1, L_0x559a0161c340, L_0x559a0161cca0, C4<1>, C4<1>;
L_0x559a0161cb90 .functor OR 1, L_0x559a0161c9d0, L_0x559a0161cae0, C4<0>, C4<0>;
v0x559a01619330_0 .net "A", 0 0, L_0x559a0161cca0;  1 drivers
v0x559a016193f0_0 .net "B", 0 0, L_0x559a0161cdd0;  1 drivers
v0x559a016194b0_0 .net "Cin", 0 0, L_0x559a0161c340;  alias, 1 drivers
v0x559a01619550_0 .net "Cout", 0 0, L_0x559a0161cb90;  alias, 1 drivers
v0x559a016195f0_0 .net "S", 0 0, L_0x559a0161c720;  1 drivers
v0x559a016196e0_0 .net *"_s0", 0 0, L_0x559a0161c6b0;  1 drivers
v0x559a016197c0_0 .net *"_s10", 0 0, L_0x559a0161cae0;  1 drivers
v0x559a016198a0_0 .net *"_s4", 0 0, L_0x559a0161c870;  1 drivers
v0x559a01619980_0 .net *"_s6", 0 0, L_0x559a0161c930;  1 drivers
v0x559a01619a60_0 .net *"_s8", 0 0, L_0x559a0161c9d0;  1 drivers
S_0x559a01619be0 .scope module, "a2" "full_adder" 3 16, 3 1 0, S_0x559a015e7f20;
 .timescale 0 0;
    .port_info 0 /INPUT 1 "A"
    .port_info 1 /INPUT 1 "B"
    .port_info 2 /INPUT 1 "Cin"
    .port_info 3 /OUTPUT 1 "Cout"
    .port_info 4 /OUTPUT 1 "S"
L_0x559a0161cf30 .functor XOR 1, L_0x559a0161d480, L_0x559a0161d640, C4<0>, C4<0>;
L_0x559a0161cfa0 .functor XOR 1, L_0x559a0161cf30, L_0x559a0161cb90, C4<0>, C4<0>;
L_0x559a0161d0a0 .functor AND 1, L_0x559a0161d480, L_0x559a0161d640, C4<1>, C4<1>;
L_0x559a0161d110 .functor AND 1, L_0x559a0161d640, L_0x559a0161cb90, C4<1>, C4<1>;
L_0x559a0161d1b0 .functor OR 1, L_0x559a0161d0a0, L_0x559a0161d110, C4<0>, C4<0>;
L_0x559a0161d2c0 .functor AND 1, L_0x559a0161cb90, L_0x559a0161d480, C4<1>, C4<1>;
L_0x559a0161d370 .functor OR 1, L_0x559a0161d1b0, L_0x559a0161d2c0, C4<0>, C4<0>;
v0x559a01619d90_0 .net "A", 0 0, L_0x559a0161d480;  1 drivers
v0x559a01619e50_0 .net "B", 0 0, L_0x559a0161d640;  1 drivers
v0x559a01619f10_0 .net "Cin", 0 0, L_0x559a0161cb90;  alias, 1 drivers
v0x559a0161a010_0 .net "Cout", 0 0, L_0x559a0161d370;  alias, 1 drivers
v0x559a0161a0b0_0 .net "S", 0 0, L_0x559a0161cfa0;  1 drivers
v0x559a0161a1a0_0 .net *"_s0", 0 0, L_0x559a0161cf30;  1 drivers
v0x559a0161a280_0 .net *"_s10", 0 0, L_0x559a0161d2c0;  1 drivers
v0x559a0161a360_0 .net *"_s4", 0 0, L_0x559a0161d0a0;  1 drivers
v0x559a0161a440_0 .net *"_s6", 0 0, L_0x559a0161d110;  1 drivers
v0x559a0161a5b0_0 .net *"_s8", 0 0, L_0x559a0161d1b0;  1 drivers
S_0x559a0161a730 .scope module, "a3" "full_adder" 3 17, 3 1 0, S_0x559a015e7f20;
 .timescale 0 0;
    .port_info 0 /INPUT 1 "A"
    .port_info 1 /INPUT 1 "B"
    .port_info 2 /INPUT 1 "Cin"
    .port_info 3 /OUTPUT 1 "Cout"
    .port_info 4 /OUTPUT 1 "S"
L_0x559a0161d840 .functor XOR 1, L_0x559a0161dcf0, L_0x559a0161de20, C4<0>, C4<0>;
L_0x559a0161d8b0 .functor XOR 1, L_0x559a0161d840, L_0x559a0161d370, C4<0>, C4<0>;
L_0x559a0161d9b0 .functor AND 1, L_0x559a0161dcf0, L_0x559a0161de20, C4<1>, C4<1>;
L_0x559a0161da20 .functor AND 1, L_0x559a0161de20, L_0x559a0161d370, C4<1>, C4<1>;
L_0x559a0161dac0 .functor OR 1, L_0x559a0161d9b0, L_0x559a0161da20, C4<0>, C4<0>;
L_0x559a0161db30 .functor AND 1, L_0x559a0161d370, L_0x559a0161dcf0, C4<1>, C4<1>;
L_0x559a0161dbe0 .functor OR 1, L_0x559a0161dac0, L_0x559a0161db30, C4<0>, C4<0>;
v0x559a0161a8b0_0 .net "A", 0 0, L_0x559a0161dcf0;  1 drivers
v0x559a0161a990_0 .net "B", 0 0, L_0x559a0161de20;  1 drivers
v0x559a0161aa50_0 .net "Cin", 0 0, L_0x559a0161d370;  alias, 1 drivers
v0x559a0161ab50_0 .net "Cout", 0 0, L_0x559a0161dbe0;  alias, 1 drivers
v0x559a0161abf0_0 .net "S", 0 0, L_0x559a0161d8b0;  1 drivers
v0x559a0161ace0_0 .net *"_s0", 0 0, L_0x559a0161d840;  1 drivers
v0x559a0161adc0_0 .net *"_s10", 0 0, L_0x559a0161db30;  1 drivers
v0x559a0161aea0_0 .net *"_s4", 0 0, L_0x559a0161d9b0;  1 drivers
v0x559a0161af80_0 .net *"_s6", 0 0, L_0x559a0161da20;  1 drivers
v0x559a0161b0f0_0 .net *"_s8", 0 0, L_0x559a0161dac0;  1 drivers
    .scope S_0x559a015ea7e0;
T_0 ;
    %vpi_call 2 9 "$monitor", "A = %d, B = %d, S = %d, Cin = %b, Cout = %b", v0x559a0161b9e0_0, v0x559a0161bac0_0, v0x559a0161bd40_0, v0x559a0161bb60_0, v0x559a0161bc50_0 {0 0 0};
    %vpi_call 2 10 "$dumpfile", "carry.vcd" {0 0 0};
    %vpi_call 2 11 "$dumpvars", 32'sb00000000000000000000000000000000, v0x559a0161b9e0_0, v0x559a0161bac0_0, v0x559a0161bb60_0, v0x559a0161bd40_0, v0x559a0161bc50_0 {0 0 0};
    %pushi/vec4 5, 0, 4;
    %store/vec4 v0x559a0161b9e0_0, 0, 4;
    %pushi/vec4 5, 0, 4;
    %store/vec4 v0x559a0161bac0_0, 0, 4;
    %pushi/vec4 0, 0, 1;
    %store/vec4 v0x559a0161bb60_0, 0, 1;
    %delay 20000, 0;
    %pushi/vec4 10, 0, 4;
    %store/vec4 v0x559a0161b9e0_0, 0, 4;
    %pushi/vec4 5, 0, 4;
    %store/vec4 v0x559a0161bac0_0, 0, 4;
    %delay 20000, 0;
    %pushi/vec4 1, 0, 4;
    %store/vec4 v0x559a0161b9e0_0, 0, 4;
    %pushi/vec4 3, 0, 4;
    %store/vec4 v0x559a0161bac0_0, 0, 4;
    %delay 20000, 0;
    %pushi/vec4 9, 0, 4;
    %store/vec4 v0x559a0161b9e0_0, 0, 4;
    %pushi/vec4 9, 0, 4;
    %store/vec4 v0x559a0161bac0_0, 0, 4;
    %pushi/vec4 5, 0, 4;
    %store/vec4 v0x559a0161b9e0_0, 0, 4;
    %pushi/vec4 5, 0, 4;
    %store/vec4 v0x559a0161bac0_0, 0, 4;
    %pushi/vec4 1, 0, 1;
    %store/vec4 v0x559a0161bb60_0, 0, 1;
    %delay 20000, 0;
    %pushi/vec4 10, 0, 4;
    %store/vec4 v0x559a0161b9e0_0, 0, 4;
    %pushi/vec4 5, 0, 4;
    %store/vec4 v0x559a0161bac0_0, 0, 4;
    %delay 20000, 0;
    %pushi/vec4 1, 0, 4;
    %store/vec4 v0x559a0161b9e0_0, 0, 4;
    %pushi/vec4 3, 0, 4;
    %store/vec4 v0x559a0161bac0_0, 0, 4;
    %delay 20000, 0;
    %pushi/vec4 9, 0, 4;
    %store/vec4 v0x559a0161b9e0_0, 0, 4;
    %pushi/vec4 9, 0, 4;
    %store/vec4 v0x559a0161bac0_0, 0, 4;
    %delay 20000, 0;
    %vpi_call 2 20 "$finish" {0 0 0};
    %end;
    .thread T_0;
# The file index is used to find the file name in the following table.
:file_names 4;
    "N/A";
    "<interactive>";
    "4_carry_tb.v";
    "4_carry.v";
