#! /usr/bin/vvp
:ivl_version "10.3 (stable)";
:ivl_delay_selection "TYPICAL";
:vpi_time_precision - 12;
:vpi_module "system";
:vpi_module "vhdl_sys";
:vpi_module "v2005_math";
:vpi_module "va_math";
S_0x563eb0134cc0 .scope module, "tb" "tb" 2 2;
 .timescale -8 -12;
P_0x563eb0134e40 .param/l "N" 0 2 3, +C4<00000000000000000000000000000100>;
v0x563eb0146d10_0 .var "A", 3 0;
v0x563eb0146e00_0 .var "B", 3 0;
v0x563eb0146ed0_0 .net "Y", 2 0, v0x563eb0146ba0_0;  1 drivers
S_0x563eb00fe030 .scope module, "dut" "comparator" 2 6, 3 1 0, S_0x563eb0134cc0;
 .timescale 0 0;
    .port_info 0 /INPUT 4 "A"
    .port_info 1 /INPUT 4 "B"
    .port_info 2 /OUTPUT 3 "Y"
P_0x563eb00fe200 .param/l "N" 0 3 2, +C4<00000000000000000000000000000100>;
v0x563eb00fe320_0 .net "A", 3 0, v0x563eb0146d10_0;  1 drivers
v0x563eb0146ac0_0 .net "B", 3 0, v0x563eb0146e00_0;  1 drivers
v0x563eb0146ba0_0 .var "Y", 2 0;
E_0x563eb0135580 .event edge, v0x563eb00fe320_0, v0x563eb0146ac0_0;
    .scope S_0x563eb00fe030;
T_0 ;
    %wait E_0x563eb0135580;
    %pushi/vec4 0, 0, 3;
    %store/vec4 v0x563eb0146ba0_0, 0, 3;
    %load/vec4 v0x563eb00fe320_0;
    %load/vec4 v0x563eb0146ac0_0;
    %cmp/u;
    %jmp/0xz  T_0.0, 5;
    %pushi/vec4 1, 0, 1;
    %ix/load 4, 2, 0;
    %flag_set/imm 4, 0;
    %store/vec4 v0x563eb0146ba0_0, 4, 1;
    %jmp T_0.1;
T_0.0 ;
    %load/vec4 v0x563eb00fe320_0;
    %load/vec4 v0x563eb0146ac0_0;
    %cmp/e;
    %jmp/0xz  T_0.2, 4;
    %pushi/vec4 1, 0, 1;
    %ix/load 4, 1, 0;
    %flag_set/imm 4, 0;
    %store/vec4 v0x563eb0146ba0_0, 4, 1;
    %jmp T_0.3;
T_0.2 ;
    %pushi/vec4 1, 0, 1;
    %ix/load 4, 0, 0;
    %flag_set/imm 4, 0;
    %store/vec4 v0x563eb0146ba0_0, 4, 1;
T_0.3 ;
T_0.1 ;
    %jmp T_0;
    .thread T_0, $push;
    .scope S_0x563eb0134cc0;
T_1 ;
    %vpi_call 2 8 "$monitor", "A = %d, B = %d, Y = %b", v0x563eb0146d10_0, v0x563eb0146e00_0, v0x563eb0146ed0_0 {0 0 0};
    %vpi_call 2 9 "$dumpfile", "comparator.vcd" {0 0 0};
    %vpi_call 2 10 "$dumpvars", 32'sb00000000000000000000000000000000, v0x563eb0146d10_0, v0x563eb0146e00_0, v0x563eb0146ed0_0 {0 0 0};
    %pushi/vec4 5, 0, 4;
    %store/vec4 v0x563eb0146d10_0, 0, 4;
    %pushi/vec4 7, 0, 4;
    %store/vec4 v0x563eb0146e00_0, 0, 4;
    %delay 20000, 0;
    %pushi/vec4 4, 0, 4;
    %store/vec4 v0x563eb0146d10_0, 0, 4;
    %pushi/vec4 4, 0, 4;
    %store/vec4 v0x563eb0146e00_0, 0, 4;
    %delay 20000, 0;
    %pushi/vec4 6, 0, 4;
    %store/vec4 v0x563eb0146d10_0, 0, 4;
    %pushi/vec4 5, 0, 4;
    %store/vec4 v0x563eb0146e00_0, 0, 4;
    %delay 20000, 0;
    %vpi_call 2 14 "$finish" {0 0 0};
    %end;
    .thread T_1;
# The file index is used to find the file name in the following table.
:file_names 4;
    "N/A";
    "<interactive>";
    "comparator_tb.v";
    "comparator.v";
