#! /usr/bin/vvp
:ivl_version "10.3 (stable)";
:ivl_delay_selection "TYPICAL";
:vpi_time_precision - 12;
:vpi_module "system";
:vpi_module "vhdl_sys";
:vpi_module "v2005_math";
:vpi_module "va_math";
S_0x561f8d656b20 .scope module, "tb" "tb" 2 2;
 .timescale -8 -12;
v0x561f8d6687f0_0 .var "D", 0 0;
v0x561f8d668890_0 .net "Q", 0 0, v0x561f8d668260_0;  1 drivers
v0x561f8d668960_0 .var "clk", 0 0;
S_0x561f8d656ca0 .scope module, "dut" "d_latch" 2 6, 3 1 0, S_0x561f8d656b20;
 .timescale 0 0;
    .port_info 0 /INPUT 1 "D"
    .port_info 1 /OUTPUT 1 "Q"
    .port_info 2 /INPUT 1 "clk"
v0x561f8d621030_0 .net "D", 0 0, v0x561f8d6687f0_0;  1 drivers
v0x561f8d668260_0 .var "Q", 0 0;
v0x561f8d668320_0 .net *"_s1", 31 0, L_0x561f8d668a60;  1 drivers
L_0x7f7664e84018 .functor BUFT 1, C4<0000000000000000000000000000000>, C4<0>, C4<0>, C4<0>;
v0x561f8d6683e0_0 .net *"_s4", 30 0, L_0x7f7664e84018;  1 drivers
L_0x7f7664e84060 .functor BUFT 1, C4<00000000000000000000000000000001>, C4<0>, C4<0>, C4<0>;
v0x561f8d6684c0_0 .net/2u *"_s5", 31 0, L_0x7f7664e84060;  1 drivers
v0x561f8d6685f0_0 .net *"_s7", 0 0, L_0x561f8d678c10;  1 drivers
v0x561f8d6686b0_0 .net "clk", 0 0, v0x561f8d668960_0;  1 drivers
E_0x561f8d657530 .event edge, L_0x561f8d678c10;
L_0x561f8d668a60 .concat [ 1 31 0 0], v0x561f8d668960_0, L_0x7f7664e84018;
L_0x561f8d678c10 .cmp/eq 32, L_0x561f8d668a60, L_0x7f7664e84060;
    .scope S_0x561f8d656ca0;
T_0 ;
    %wait E_0x561f8d657530;
    %load/vec4 v0x561f8d621030_0;
    %assign/vec4 v0x561f8d668260_0, 0;
    %jmp T_0;
    .thread T_0, $push;
    .scope S_0x561f8d656b20;
T_1 ;
    %pushi/vec4 0, 0, 1;
    %store/vec4 v0x561f8d6687f0_0, 0, 1;
    %end;
    .thread T_1;
    .scope S_0x561f8d656b20;
T_2 ;
    %pushi/vec4 0, 0, 1;
    %store/vec4 v0x561f8d668960_0, 0, 1;
    %vpi_call 2 9 "$monitor", "D = %b, Q = %b, clk = %b", v0x561f8d6687f0_0, v0x561f8d668890_0, v0x561f8d668960_0 {0 0 0};
    %vpi_call 2 10 "$dumpfile", "d_latch.vcd" {0 0 0};
    %vpi_call 2 11 "$dumpvars", 32'sb00000000000000000000000000000000, v0x561f8d6687f0_0, v0x561f8d668890_0, v0x561f8d668960_0 {0 0 0};
    %pushi/vec4 30, 0, 32;
T_2.0 %dup/vec4;
    %pushi/vec4 0, 0, 32;
    %cmp/s;
    %jmp/1xz T_2.1, 5;
    %jmp/1 T_2.1, 4;
    %pushi/vec4 1, 0, 32;
    %sub;
    %fork t_1, S_0x561f8d656b20;
    %fork t_2, S_0x561f8d656b20;
    %join;
    %join;
    %jmp t_0;
t_1 ;
    %delay 20000, 0;
    %load/vec4 v0x561f8d668960_0;
    %inv;
    %store/vec4 v0x561f8d668960_0, 0, 1;
    %end;
t_2 ;
    %delay 50000, 0;
    %load/vec4 v0x561f8d6687f0_0;
    %inv;
    %store/vec4 v0x561f8d6687f0_0, 0, 1;
    %end;
    .scope S_0x561f8d656b20;
t_0 ;
    %jmp T_2.0;
T_2.1 ;
    %pop/vec4 1;
    %end;
    .thread T_2;
# The file index is used to find the file name in the following table.
:file_names 4;
    "N/A";
    "<interactive>";
    "d_latch_tb.v";
    "d_latch.v";
