#! /usr/bin/vvp
:ivl_version "10.3 (stable)";
:ivl_delay_selection "TYPICAL";
:vpi_time_precision - 12;
:vpi_module "system";
:vpi_module "vhdl_sys";
:vpi_module "v2005_math";
:vpi_module "va_math";
S_0x55bc8f614020 .scope module, "tb" "tb" 2 2;
 .timescale -8 -12;
v0x55bc8f625b00_0 .var "D", 0 0;
v0x55bc8f625bc0_0 .net "Q", 0 0, v0x55bc8f625800_0;  1 drivers
v0x55bc8f625c90_0 .var "R", 0 0;
v0x55bc8f625d90_0 .var "clk", 0 0;
S_0x55bc8f6141a0 .scope module, "dut" "d_ff" 2 7, 3 1 0, S_0x55bc8f614020;
 .timescale 0 0;
    .port_info 0 /INPUT 1 "D"
    .port_info 1 /OUTPUT 1 "Q"
    .port_info 2 /INPUT 1 "clk"
    .port_info 3 /INPUT 1 "R"
v0x55bc8f5de050_0 .net "D", 0 0, v0x55bc8f625b00_0;  1 drivers
v0x55bc8f625800_0 .var "Q", 0 0;
v0x55bc8f6258c0_0 .net "R", 0 0, v0x55bc8f625c90_0;  1 drivers
v0x55bc8f625990_0 .net "clk", 0 0, v0x55bc8f625d90_0;  1 drivers
E_0x55bc8f614980 .event posedge, v0x55bc8f625990_0;
    .scope S_0x55bc8f6141a0;
T_0 ;
    %wait E_0x55bc8f614980;
    %load/vec4 v0x55bc8f6258c0_0;
    %flag_set/vec4 8;
    %jmp/0xz  T_0.0, 8;
    %pushi/vec4 0, 0, 1;
    %assign/vec4 v0x55bc8f625800_0, 0;
    %jmp T_0.1;
T_0.0 ;
    %load/vec4 v0x55bc8f5de050_0;
    %assign/vec4 v0x55bc8f625800_0, 0;
T_0.1 ;
    %jmp T_0;
    .thread T_0;
    .scope S_0x55bc8f614020;
T_1 ;
    %pushi/vec4 0, 0, 1;
    %store/vec4 v0x55bc8f625d90_0, 0, 1;
    %pushi/vec4 1, 0, 1;
    %store/vec4 v0x55bc8f625b00_0, 0, 1;
    %pushi/vec4 0, 0, 1;
    %store/vec4 v0x55bc8f625c90_0, 0, 1;
    %vpi_call 2 12 "$monitor", "D = %b, Q = %b, clk = %b, R = %b", v0x55bc8f625b00_0, v0x55bc8f625bc0_0, v0x55bc8f625d90_0, v0x55bc8f625c90_0 {0 0 0};
    %vpi_call 2 13 "$dumpfile", "d_ff.vcd" {0 0 0};
    %vpi_call 2 14 "$dumpvars", 32'sb00000000000000000000000000000000, v0x55bc8f625b00_0, v0x55bc8f625bc0_0, v0x55bc8f625d90_0, v0x55bc8f625c90_0 {0 0 0};
    %pushi/vec4 20, 0, 32;
T_1.0 %dup/vec4;
    %pushi/vec4 0, 0, 32;
    %cmp/s;
    %jmp/1xz T_1.1, 5;
    %jmp/1 T_1.1, 4;
    %pushi/vec4 1, 0, 32;
    %sub;
    %fork t_1, S_0x55bc8f614020;
    %fork t_2, S_0x55bc8f614020;
    %fork t_3, S_0x55bc8f614020;
    %join;
    %join;
    %join;
    %jmp t_0;
t_1 ;
    %delay 20000, 0;
    %load/vec4 v0x55bc8f625d90_0;
    %inv;
    %store/vec4 v0x55bc8f625d90_0, 0, 1;
    %end;
t_2 ;
    %delay 120000, 0;
    %load/vec4 v0x55bc8f625b00_0;
    %inv;
    %store/vec4 v0x55bc8f625b00_0, 0, 1;
    %end;
t_3 ;
    %delay 500000, 0;
    %load/vec4 v0x55bc8f625c90_0;
    %inv;
    %store/vec4 v0x55bc8f625c90_0, 0, 1;
    %end;
    .scope S_0x55bc8f614020;
t_0 ;
    %jmp T_1.0;
T_1.1 ;
    %pop/vec4 1;
    %end;
    .thread T_1;
# The file index is used to find the file name in the following table.
:file_names 4;
    "N/A";
    "<interactive>";
    "d_ff_tb.v";
    "d_ff.v";
