#! /usr/bin/vvp
:ivl_version "10.3 (stable)";
:ivl_delay_selection "TYPICAL";
:vpi_time_precision - 11;
:vpi_module "system";
:vpi_module "vhdl_sys";
:vpi_module "v2005_math";
:vpi_module "va_math";
S_0x55a0c1e113d0 .scope module, "tb" "tb" 2 2;
 .timescale -8 -11;
v0x55a0c1e27aa0_0 .var "A", 0 0;
v0x55a0c1e27b60_0 .var "B", 0 0;
v0x55a0c1e27c30_0 .var "Cin", 0 0;
v0x55a0c1e27d30_0 .net "Cout", 0 0, L_0x55a0c1e284e0;  1 drivers
v0x55a0c1e27e00_0 .net "S", 0 0, L_0x55a0c1e27fe0;  1 drivers
S_0x55a0c1e11550 .scope module, "dut" "full_adder" 2 5, 3 1 0, S_0x55a0c1e113d0;
 .timescale 0 0;
    .port_info 0 /INPUT 1 "A"
    .port_info 1 /INPUT 1 "B"
    .port_info 2 /INPUT 1 "Cin"
    .port_info 3 /OUTPUT 1 "Cout"
    .port_info 4 /OUTPUT 1 "S"
L_0x55a0c1e27ea0 .functor XOR 1, v0x55a0c1e27aa0_0, v0x55a0c1e27b60_0, C4<0>, C4<0>;
L_0x55a0c1e27fe0 .functor XOR 1, L_0x55a0c1e27ea0, v0x55a0c1e27c30_0, C4<0>, C4<0>;
L_0x55a0c1e28140 .functor AND 1, v0x55a0c1e27aa0_0, v0x55a0c1e27b60_0, C4<1>, C4<1>;
L_0x55a0c1e281b0 .functor AND 1, v0x55a0c1e27b60_0, v0x55a0c1e27c30_0, C4<1>, C4<1>;
L_0x55a0c1e28250 .functor OR 1, L_0x55a0c1e28140, L_0x55a0c1e281b0, C4<0>, C4<0>;
L_0x55a0c1e28310 .functor AND 1, v0x55a0c1e27c30_0, v0x55a0c1e27aa0_0, C4<1>, C4<1>;
L_0x55a0c1e284e0 .functor OR 1, L_0x55a0c1e28250, L_0x55a0c1e28310, C4<0>, C4<0>;
v0x55a0c1ddb030_0 .net "A", 0 0, v0x55a0c1e27aa0_0;  1 drivers
v0x55a0c1e27270_0 .net "B", 0 0, v0x55a0c1e27b60_0;  1 drivers
v0x55a0c1e27330_0 .net "Cin", 0 0, v0x55a0c1e27c30_0;  1 drivers
v0x55a0c1e273d0_0 .net "Cout", 0 0, L_0x55a0c1e284e0;  alias, 1 drivers
v0x55a0c1e27490_0 .net "S", 0 0, L_0x55a0c1e27fe0;  alias, 1 drivers
v0x55a0c1e275a0_0 .net *"_s0", 0 0, L_0x55a0c1e27ea0;  1 drivers
v0x55a0c1e27680_0 .net *"_s10", 0 0, L_0x55a0c1e28310;  1 drivers
v0x55a0c1e27760_0 .net *"_s4", 0 0, L_0x55a0c1e28140;  1 drivers
v0x55a0c1e27840_0 .net *"_s6", 0 0, L_0x55a0c1e281b0;  1 drivers
v0x55a0c1e27920_0 .net *"_s8", 0 0, L_0x55a0c1e28250;  1 drivers
    .scope S_0x55a0c1e113d0;
T_0 ;
    %vpi_call 2 7 "$monitor", "A = %b, B = %b, Cin = %b, Cout = %b, S = %b", v0x55a0c1e27aa0_0, v0x55a0c1e27b60_0, v0x55a0c1e27c30_0, v0x55a0c1e27d30_0, v0x55a0c1e27e00_0 {0 0 0};
    %vpi_call 2 8 "$dumpfile", "dump.vcd" {0 0 0};
    %vpi_call 2 9 "$dumpvars", 32'sb00000000000000000000000000000000, v0x55a0c1e27aa0_0, v0x55a0c1e27b60_0, v0x55a0c1e27c30_0, v0x55a0c1e27d30_0, v0x55a0c1e27e00_0 {0 0 0};
    %pushi/vec4 0, 0, 1;
    %store/vec4 v0x55a0c1e27aa0_0, 0, 1;
    %pushi/vec4 0, 0, 1;
    %store/vec4 v0x55a0c1e27b60_0, 0, 1;
    %pushi/vec4 0, 0, 1;
    %store/vec4 v0x55a0c1e27c30_0, 0, 1;
    %delay 5000, 0;
    %pushi/vec4 0, 0, 1;
    %store/vec4 v0x55a0c1e27aa0_0, 0, 1;
    %pushi/vec4 1, 0, 1;
    %store/vec4 v0x55a0c1e27b60_0, 0, 1;
    %pushi/vec4 0, 0, 1;
    %store/vec4 v0x55a0c1e27c30_0, 0, 1;
    %delay 5000, 0;
    %pushi/vec4 1, 0, 1;
    %store/vec4 v0x55a0c1e27aa0_0, 0, 1;
    %pushi/vec4 0, 0, 1;
    %store/vec4 v0x55a0c1e27b60_0, 0, 1;
    %pushi/vec4 0, 0, 1;
    %store/vec4 v0x55a0c1e27c30_0, 0, 1;
    %delay 5000, 0;
    %pushi/vec4 1, 0, 1;
    %store/vec4 v0x55a0c1e27aa0_0, 0, 1;
    %pushi/vec4 1, 0, 1;
    %store/vec4 v0x55a0c1e27b60_0, 0, 1;
    %pushi/vec4 0, 0, 1;
    %store/vec4 v0x55a0c1e27c30_0, 0, 1;
    %delay 5000, 0;
    %pushi/vec4 0, 0, 1;
    %store/vec4 v0x55a0c1e27aa0_0, 0, 1;
    %pushi/vec4 0, 0, 1;
    %store/vec4 v0x55a0c1e27b60_0, 0, 1;
    %pushi/vec4 1, 0, 1;
    %store/vec4 v0x55a0c1e27c30_0, 0, 1;
    %delay 5000, 0;
    %pushi/vec4 0, 0, 1;
    %store/vec4 v0x55a0c1e27aa0_0, 0, 1;
    %pushi/vec4 1, 0, 1;
    %store/vec4 v0x55a0c1e27b60_0, 0, 1;
    %pushi/vec4 1, 0, 1;
    %store/vec4 v0x55a0c1e27c30_0, 0, 1;
    %delay 5000, 0;
    %pushi/vec4 1, 0, 1;
    %store/vec4 v0x55a0c1e27aa0_0, 0, 1;
    %pushi/vec4 0, 0, 1;
    %store/vec4 v0x55a0c1e27b60_0, 0, 1;
    %pushi/vec4 1, 0, 1;
    %store/vec4 v0x55a0c1e27c30_0, 0, 1;
    %delay 5000, 0;
    %pushi/vec4 1, 0, 1;
    %store/vec4 v0x55a0c1e27aa0_0, 0, 1;
    %pushi/vec4 1, 0, 1;
    %store/vec4 v0x55a0c1e27b60_0, 0, 1;
    %pushi/vec4 1, 0, 1;
    %store/vec4 v0x55a0c1e27c30_0, 0, 1;
    %end;
    .thread T_0;
# The file index is used to find the file name in the following table.
:file_names 4;
    "N/A";
    "<interactive>";
    "full_adder_tb.v";
    "full_adder1.v";
