#! /usr/bin/vvp
:ivl_version "10.3 (stable)";
:ivl_delay_selection "TYPICAL";
:vpi_time_precision - 11;
:vpi_module "system";
:vpi_module "vhdl_sys";
:vpi_module "v2005_math";
:vpi_module "va_math";
S_0x55f6fe248030 .scope module, "tb" "tb" 2 2;
 .timescale -8 -11;
v0x55f6fe296b90_0 .var "A", 0 0;
v0x55f6fe296c80_0 .var "B", 0 0;
v0x55f6fe296d90_0 .var "Cin", 0 0;
v0x55f6fe296e80_0 .net "Cout", 0 0, L_0x55f6fe2973f0;  1 drivers
v0x55f6fe296f20_0 .net "S", 0 0, L_0x55f6fe297190;  1 drivers
S_0x55f6fe2481b0 .scope module, "dut" "full_adder" 2 5, 3 8 0, S_0x55f6fe248030;
 .timescale 0 0;
    .port_info 0 /INPUT 1 "A"
    .port_info 1 /INPUT 1 "B"
    .port_info 2 /INPUT 1 "Cin"
    .port_info 3 /OUTPUT 1 "Cout"
    .port_info 4 /OUTPUT 1 "S"
L_0x55f6fe2973f0 .functor OR 1, L_0x55f6fe2970d0, L_0x55f6fe2972d0, C4<0>, C4<0>;
v0x55f6fe2964e0_0 .net "A", 0 0, v0x55f6fe296b90_0;  1 drivers
v0x55f6fe2965a0_0 .net "B", 0 0, v0x55f6fe296c80_0;  1 drivers
v0x55f6fe296670_0 .net "Cin", 0 0, v0x55f6fe296d90_0;  1 drivers
v0x55f6fe296770_0 .net "Cout", 0 0, L_0x55f6fe2973f0;  alias, 1 drivers
v0x55f6fe296810_0 .net "S", 0 0, L_0x55f6fe297190;  alias, 1 drivers
v0x55f6fe296900_0 .net "c1", 0 0, L_0x55f6fe2970d0;  1 drivers
v0x55f6fe2969d0_0 .net "c2", 0 0, L_0x55f6fe297060;  1 drivers
v0x55f6fe296ac0_0 .net "c3", 0 0, L_0x55f6fe2972d0;  1 drivers
S_0x55f6fe27f8e0 .scope module, "ha1" "half_adder" 3 13, 3 1 0, S_0x55f6fe2481b0;
 .timescale 0 0;
    .port_info 0 /INPUT 1 "A"
    .port_info 1 /INPUT 1 "B"
    .port_info 2 /OUTPUT 1 "C"
    .port_info 3 /OUTPUT 1 "S"
L_0x55f6fe297060 .functor XOR 1, v0x55f6fe296b90_0, v0x55f6fe296c80_0, C4<0>, C4<0>;
L_0x55f6fe2970d0 .functor AND 1, v0x55f6fe296b90_0, v0x55f6fe296c80_0, C4<1>, C4<1>;
v0x55f6fe27fb00_0 .net "A", 0 0, v0x55f6fe296b90_0;  alias, 1 drivers
v0x55f6fe295bd0_0 .net "B", 0 0, v0x55f6fe296c80_0;  alias, 1 drivers
v0x55f6fe295c90_0 .net "C", 0 0, L_0x55f6fe2970d0;  alias, 1 drivers
v0x55f6fe295d60_0 .net "S", 0 0, L_0x55f6fe297060;  alias, 1 drivers
S_0x55f6fe295ed0 .scope module, "ha2" "half_adder" 3 14, 3 1 0, S_0x55f6fe2481b0;
 .timescale 0 0;
    .port_info 0 /INPUT 1 "A"
    .port_info 1 /INPUT 1 "B"
    .port_info 2 /OUTPUT 1 "C"
    .port_info 3 /OUTPUT 1 "S"
L_0x55f6fe297190 .functor XOR 1, L_0x55f6fe297060, v0x55f6fe296d90_0, C4<0>, C4<0>;
L_0x55f6fe2972d0 .functor AND 1, L_0x55f6fe297060, v0x55f6fe296d90_0, C4<1>, C4<1>;
v0x55f6fe296130_0 .net "A", 0 0, L_0x55f6fe297060;  alias, 1 drivers
v0x55f6fe296200_0 .net "B", 0 0, v0x55f6fe296d90_0;  alias, 1 drivers
v0x55f6fe2962a0_0 .net "C", 0 0, L_0x55f6fe2972d0;  alias, 1 drivers
v0x55f6fe296370_0 .net "S", 0 0, L_0x55f6fe297190;  alias, 1 drivers
    .scope S_0x55f6fe248030;
T_0 ;
    %vpi_call 2 7 "$monitor", "A = %b, B = %b, Cin = %b, Cout = %b, S = %b", v0x55f6fe296b90_0, v0x55f6fe296c80_0, v0x55f6fe296d90_0, v0x55f6fe296e80_0, v0x55f6fe296f20_0 {0 0 0};
    %vpi_call 2 8 "$dumpfile", "dump.vcd" {0 0 0};
    %vpi_call 2 9 "$dumpvars", 32'sb00000000000000000000000000000000, v0x55f6fe296b90_0, v0x55f6fe296c80_0, v0x55f6fe296d90_0, v0x55f6fe296e80_0, v0x55f6fe296f20_0 {0 0 0};
    %pushi/vec4 0, 0, 1;
    %store/vec4 v0x55f6fe296b90_0, 0, 1;
    %pushi/vec4 0, 0, 1;
    %store/vec4 v0x55f6fe296c80_0, 0, 1;
    %pushi/vec4 0, 0, 1;
    %store/vec4 v0x55f6fe296d90_0, 0, 1;
    %delay 5000, 0;
    %pushi/vec4 0, 0, 1;
    %store/vec4 v0x55f6fe296b90_0, 0, 1;
    %pushi/vec4 1, 0, 1;
    %store/vec4 v0x55f6fe296c80_0, 0, 1;
    %pushi/vec4 0, 0, 1;
    %store/vec4 v0x55f6fe296d90_0, 0, 1;
    %delay 5000, 0;
    %pushi/vec4 1, 0, 1;
    %store/vec4 v0x55f6fe296b90_0, 0, 1;
    %pushi/vec4 0, 0, 1;
    %store/vec4 v0x55f6fe296c80_0, 0, 1;
    %pushi/vec4 0, 0, 1;
    %store/vec4 v0x55f6fe296d90_0, 0, 1;
    %delay 5000, 0;
    %pushi/vec4 1, 0, 1;
    %store/vec4 v0x55f6fe296b90_0, 0, 1;
    %pushi/vec4 1, 0, 1;
    %store/vec4 v0x55f6fe296c80_0, 0, 1;
    %pushi/vec4 0, 0, 1;
    %store/vec4 v0x55f6fe296d90_0, 0, 1;
    %delay 5000, 0;
    %pushi/vec4 0, 0, 1;
    %store/vec4 v0x55f6fe296b90_0, 0, 1;
    %pushi/vec4 0, 0, 1;
    %store/vec4 v0x55f6fe296c80_0, 0, 1;
    %pushi/vec4 1, 0, 1;
    %store/vec4 v0x55f6fe296d90_0, 0, 1;
    %delay 5000, 0;
    %pushi/vec4 0, 0, 1;
    %store/vec4 v0x55f6fe296b90_0, 0, 1;
    %pushi/vec4 1, 0, 1;
    %store/vec4 v0x55f6fe296c80_0, 0, 1;
    %pushi/vec4 1, 0, 1;
    %store/vec4 v0x55f6fe296d90_0, 0, 1;
    %delay 5000, 0;
    %pushi/vec4 1, 0, 1;
    %store/vec4 v0x55f6fe296b90_0, 0, 1;
    %pushi/vec4 0, 0, 1;
    %store/vec4 v0x55f6fe296c80_0, 0, 1;
    %pushi/vec4 1, 0, 1;
    %store/vec4 v0x55f6fe296d90_0, 0, 1;
    %delay 5000, 0;
    %pushi/vec4 1, 0, 1;
    %store/vec4 v0x55f6fe296b90_0, 0, 1;
    %pushi/vec4 1, 0, 1;
    %store/vec4 v0x55f6fe296c80_0, 0, 1;
    %pushi/vec4 1, 0, 1;
    %store/vec4 v0x55f6fe296d90_0, 0, 1;
    %end;
    .thread T_0;
# The file index is used to find the file name in the following table.
:file_names 4;
    "N/A";
    "<interactive>";
    "full_adder_tb.v";
    "full_adder2.v";
