#! /usr/bin/vvp
:ivl_version "10.3 (stable)";
:ivl_delay_selection "TYPICAL";
:vpi_time_precision - 11;
:vpi_module "system";
:vpi_module "vhdl_sys";
:vpi_module "v2005_math";
:vpi_module "va_math";
S_0x5565b10dad10 .scope module, "tb" "tb" 2 2;
 .timescale -8 -11;
v0x5565b10f0120_0 .var "A", 0 0;
v0x5565b10f01e0_0 .var "B", 0 0;
v0x5565b10f02b0_0 .var "Cin", 0 0;
v0x5565b10f03b0_0 .net "Cout", 0 0, L_0x5565b10f0960;  1 drivers
v0x5565b10f0480_0 .net "S", 0 0, L_0x5565b10f0570;  1 drivers
S_0x5565b10dae90 .scope module, "dut" "full_adder" 2 5, 3 1 0, S_0x5565b10dad10;
 .timescale 0 0;
    .port_info 0 /INPUT 1 "A"
    .port_info 1 /INPUT 1 "B"
    .port_info 2 /INPUT 1 "Cin"
    .port_info 3 /OUTPUT 1 "Cout"
    .port_info 4 /OUTPUT 1 "S"
L_0x5565b10f0570 .functor XOR 1, v0x5565b10f0120_0, v0x5565b10f01e0_0, v0x5565b10f02b0_0, C4<0>;
L_0x5565b10f0750 .functor AND 1, v0x5565b10f0120_0, v0x5565b10f01e0_0, C4<1>, C4<1>;
L_0x5565b10f07c0 .functor AND 1, v0x5565b10f01e0_0, v0x5565b10f02b0_0, C4<1>, C4<1>;
L_0x5565b10f0830 .functor AND 1, v0x5565b10f02b0_0, v0x5565b10f0120_0, C4<1>, C4<1>;
L_0x5565b10f0960 .functor OR 1, L_0x5565b10f0750, L_0x5565b10f07c0, L_0x5565b10f0830, C4<0>;
v0x5565b10a40b0_0 .net "A", 0 0, v0x5565b10f0120_0;  1 drivers
v0x5565b10efae0_0 .net "B", 0 0, v0x5565b10f01e0_0;  1 drivers
v0x5565b10efba0_0 .net "Cin", 0 0, v0x5565b10f02b0_0;  1 drivers
v0x5565b10efc70_0 .net "Cout", 0 0, L_0x5565b10f0960;  alias, 1 drivers
v0x5565b10efd30_0 .net "S", 0 0, L_0x5565b10f0570;  alias, 1 drivers
v0x5565b10efe40_0 .net "c1", 0 0, L_0x5565b10f0750;  1 drivers
v0x5565b10eff00_0 .net "c2", 0 0, L_0x5565b10f07c0;  1 drivers
v0x5565b10effc0_0 .net "c3", 0 0, L_0x5565b10f0830;  1 drivers
    .scope S_0x5565b10dad10;
T_0 ;
    %vpi_call 2 7 "$monitor", "A = %b, B = %b, Cin = %b, Cout = %b, S = %b", v0x5565b10f0120_0, v0x5565b10f01e0_0, v0x5565b10f02b0_0, v0x5565b10f03b0_0, v0x5565b10f0480_0 {0 0 0};
    %vpi_call 2 8 "$dumpfile", "dump.vcd" {0 0 0};
    %vpi_call 2 9 "$dumpvars", 32'sb00000000000000000000000000000000, v0x5565b10f0120_0, v0x5565b10f01e0_0, v0x5565b10f02b0_0, v0x5565b10f03b0_0, v0x5565b10f0480_0 {0 0 0};
    %pushi/vec4 0, 0, 1;
    %store/vec4 v0x5565b10f0120_0, 0, 1;
    %pushi/vec4 0, 0, 1;
    %store/vec4 v0x5565b10f01e0_0, 0, 1;
    %pushi/vec4 0, 0, 1;
    %store/vec4 v0x5565b10f02b0_0, 0, 1;
    %delay 5000, 0;
    %pushi/vec4 0, 0, 1;
    %store/vec4 v0x5565b10f0120_0, 0, 1;
    %pushi/vec4 1, 0, 1;
    %store/vec4 v0x5565b10f01e0_0, 0, 1;
    %pushi/vec4 0, 0, 1;
    %store/vec4 v0x5565b10f02b0_0, 0, 1;
    %delay 5000, 0;
    %pushi/vec4 1, 0, 1;
    %store/vec4 v0x5565b10f0120_0, 0, 1;
    %pushi/vec4 0, 0, 1;
    %store/vec4 v0x5565b10f01e0_0, 0, 1;
    %pushi/vec4 0, 0, 1;
    %store/vec4 v0x5565b10f02b0_0, 0, 1;
    %delay 5000, 0;
    %pushi/vec4 1, 0, 1;
    %store/vec4 v0x5565b10f0120_0, 0, 1;
    %pushi/vec4 1, 0, 1;
    %store/vec4 v0x5565b10f01e0_0, 0, 1;
    %pushi/vec4 0, 0, 1;
    %store/vec4 v0x5565b10f02b0_0, 0, 1;
    %delay 5000, 0;
    %pushi/vec4 0, 0, 1;
    %store/vec4 v0x5565b10f0120_0, 0, 1;
    %pushi/vec4 0, 0, 1;
    %store/vec4 v0x5565b10f01e0_0, 0, 1;
    %pushi/vec4 1, 0, 1;
    %store/vec4 v0x5565b10f02b0_0, 0, 1;
    %delay 5000, 0;
    %pushi/vec4 0, 0, 1;
    %store/vec4 v0x5565b10f0120_0, 0, 1;
    %pushi/vec4 1, 0, 1;
    %store/vec4 v0x5565b10f01e0_0, 0, 1;
    %pushi/vec4 1, 0, 1;
    %store/vec4 v0x5565b10f02b0_0, 0, 1;
    %delay 5000, 0;
    %pushi/vec4 1, 0, 1;
    %store/vec4 v0x5565b10f0120_0, 0, 1;
    %pushi/vec4 0, 0, 1;
    %store/vec4 v0x5565b10f01e0_0, 0, 1;
    %pushi/vec4 1, 0, 1;
    %store/vec4 v0x5565b10f02b0_0, 0, 1;
    %delay 5000, 0;
    %pushi/vec4 1, 0, 1;
    %store/vec4 v0x5565b10f0120_0, 0, 1;
    %pushi/vec4 1, 0, 1;
    %store/vec4 v0x5565b10f01e0_0, 0, 1;
    %pushi/vec4 1, 0, 1;
    %store/vec4 v0x5565b10f02b0_0, 0, 1;
    %end;
    .thread T_0;
# The file index is used to find the file name in the following table.
:file_names 4;
    "N/A";
    "<interactive>";
    "full_adder_tb.v";
    "full_adder.v";
