#! /usr/bin/vvp
:ivl_version "10.3 (stable)";
:ivl_delay_selection "TYPICAL";
:vpi_time_precision - 12;
:vpi_module "system";
:vpi_module "vhdl_sys";
:vpi_module "v2005_math";
:vpi_module "va_math";
S_0x555cb3a2a850 .scope module, "tb" "tb" 2 2;
 .timescale -8 -12;
P_0x555cb3a2a9d0 .param/l "freq" 0 2 6, +C4<00000000000000000000000000000001>;
v0x555cb3a3b0e0_0 .net "Q", 0 0, v0x555cb39f4200_0;  1 drivers
v0x555cb3a3b1b0_0 .var "clk", 0 0;
v0x555cb3a3b280_0 .var/real "tp", 0 0;
S_0x555cb39f4030 .scope module, "dut" "freq_div" 2 5, 3 1 0, S_0x555cb3a2a850;
 .timescale 0 0;
    .port_info 0 /INPUT 1 "clk"
    .port_info 1 /OUTPUT 1 "Q"
v0x555cb39f4200_0 .var "Q", 0 0;
v0x555cb3a3aed0_0 .net "clk", 0 0, v0x555cb3a3b1b0_0;  1 drivers
v0x555cb3a3af90_0 .var "temp", 2 0;
E_0x555cb3a2b580 .event posedge, v0x555cb3a3aed0_0;
    .scope S_0x555cb39f4030;
T_0 ;
    %pushi/vec4 0, 0, 3;
    %store/vec4 v0x555cb3a3af90_0, 0, 3;
    %end;
    .thread T_0;
    .scope S_0x555cb39f4030;
T_1 ;
    %wait E_0x555cb3a2b580;
    %load/vec4 v0x555cb3a3af90_0;
    %addi 1, 0, 3;
    %cmpi/e 6, 0, 3;
    %jmp/0xz  T_1.0, 4;
    %pushi/vec4 0, 0, 3;
    %assign/vec4 v0x555cb3a3af90_0, 0;
    %jmp T_1.1;
T_1.0 ;
    %load/vec4 v0x555cb3a3af90_0;
    %addi 1, 0, 3;
    %assign/vec4 v0x555cb3a3af90_0, 0;
T_1.1 ;
    %load/vec4 v0x555cb3a3af90_0;
    %parti/s 1, 2, 3;
    %store/vec4 v0x555cb39f4200_0, 0, 1;
    %jmp T_1;
    .thread T_1;
    .scope S_0x555cb3a2a850;
T_2 ;
    %pushi/real 2048000000, 4085; load=1.00000e+06
    %store/real v0x555cb3a3b280_0;
    %end;
    .thread T_2;
    .scope S_0x555cb3a2a850;
T_3 ;
    %pushi/vec4 0, 0, 1;
    %store/vec4 v0x555cb3a3b1b0_0, 0, 1;
    %load/real v0x555cb3a3b280_0;
    %pushi/vec4 4, 0, 32;
    %ix/vec4/s 5;
    %cvt/rs 5;
    %mul/wr;
    %pushi/real 1310720000, 4079; load=10000.0
    %mul/wr;
    %cvt/vr 64;
    %muli 1, 0, 64;
    %ix/vec4 4;
    %delayx 4;
    %vpi_call 2 11 "$dumpfile", "freq_div.vcd" {0 0 0};
    %vpi_call 2 12 "$dumpvars", 32'sb00000000000000000000000000000000, v0x555cb3a3b1b0_0, v0x555cb3a3b0e0_0 {0 0 0};
T_3.0 ;
    %load/real v0x555cb3a3b280_0;
    %pushi/vec4 2, 0, 32;
    %ix/vec4/s 5;
    %cvt/rs 5;
    %div/wr;
    %pushi/real 1310720000, 4079; load=10000.0
    %mul/wr;
    %cvt/vr 64;
    %muli 1, 0, 64;
    %ix/vec4 4;
    %delayx 4;
    %load/vec4 v0x555cb3a3b1b0_0;
    %inv;
    %store/vec4 v0x555cb3a3b1b0_0, 0, 1;
    %jmp T_3.0;
    %end;
    .thread T_3;
# The file index is used to find the file name in the following table.
:file_names 4;
    "N/A";
    "<interactive>";
    "freq_div_tb.v";
    "freq_div.v";
