#! /usr/bin/vvp
:ivl_version "10.3 (stable)";
:ivl_delay_selection "TYPICAL";
:vpi_time_precision - 12;
:vpi_module "system";
:vpi_module "vhdl_sys";
:vpi_module "v2005_math";
:vpi_module "va_math";
S_0x561bba02a120 .scope module, "tb_moore_o" "tb_moore_o" 2 3;
 .timescale -8 -12;
P_0x561bba004ea0 .param/l "CLK_PERIOD" 1 2 4, +C4<00000000000000000000000000001010>;
P_0x561bba004ee0 .param/l "SIM_DURATION" 1 2 5, +C4<00000000000000000000000001100100>;
v0x561bba040cd0_0 .var "R", 0 0;
v0x561bba040d90_0 .var "clk", 0 0;
v0x561bba040e60_0 .var "in", 0 0;
v0x561bba040f60_0 .net "out", 0 0, v0x561bba040a60_0;  1 drivers
S_0x561bb9ff0030 .scope module, "dut" "mealy_overlapping_101" 2 10, 3 1 0, S_0x561bba02a120;
 .timescale 0 0;
    .port_info 0 /INPUT 1 "in"
    .port_info 1 /OUTPUT 1 "out"
    .port_info 2 /INPUT 1 "R"
    .port_info 3 /INPUT 1 "clk"
P_0x561bb9ff01b0 .param/l "S0" 0 3 4, C4<00>;
P_0x561bb9ff01f0 .param/l "S0_val" 1 3 8, C4<00>;
P_0x561bb9ff0230 .param/l "S1" 0 3 5, C4<01>;
P_0x561bb9ff0270 .param/l "S1_val" 1 3 9, C4<01>;
P_0x561bb9ff02b0 .param/l "S2" 0 3 6, C4<10>;
P_0x561bb9ff02f0 .param/l "S2_val" 1 3 10, C4<10>;
v0x561bba017760_0 .net "R", 0 0, v0x561bba040cd0_0;  1 drivers
v0x561bba0408d0_0 .net "clk", 0 0, v0x561bba040d90_0;  1 drivers
v0x561bba040990_0 .net "in", 0 0, v0x561bba040e60_0;  1 drivers
v0x561bba040a60_0 .var "out", 0 0;
v0x561bba040b20_0 .var "state", 1 0;
E_0x561bb9ff0b10 .event posedge, v0x561bba017760_0, v0x561bba0408d0_0;
    .scope S_0x561bb9ff0030;
T_0 ;
    %wait E_0x561bb9ff0b10;
    %load/vec4 v0x561bba017760_0;
    %flag_set/vec4 8;
    %jmp/0xz  T_0.0, 8;
    %pushi/vec4 0, 0, 1;
    %assign/vec4 v0x561bba040a60_0, 0;
    %pushi/vec4 0, 0, 2;
    %assign/vec4 v0x561bba040b20_0, 0;
    %jmp T_0.1;
T_0.0 ;
    %load/vec4 v0x561bba040b20_0;
    %dup/vec4;
    %pushi/vec4 0, 0, 2;
    %cmp/u;
    %jmp/1 T_0.2, 6;
    %dup/vec4;
    %pushi/vec4 1, 0, 2;
    %cmp/u;
    %jmp/1 T_0.3, 6;
    %dup/vec4;
    %pushi/vec4 2, 0, 2;
    %cmp/u;
    %jmp/1 T_0.4, 6;
    %jmp T_0.5;
T_0.2 ;
    %load/vec4 v0x561bba040990_0;
    %flag_set/vec4 8;
    %jmp/0xz  T_0.6, 8;
    %pushi/vec4 1, 0, 2;
    %assign/vec4 v0x561bba040b20_0, 0;
    %pushi/vec4 0, 0, 1;
    %assign/vec4 v0x561bba040a60_0, 0;
    %jmp T_0.7;
T_0.6 ;
    %pushi/vec4 0, 0, 1;
    %assign/vec4 v0x561bba040a60_0, 0;
T_0.7 ;
    %jmp T_0.5;
T_0.3 ;
    %load/vec4 v0x561bba040990_0;
    %inv;
    %flag_set/vec4 8;
    %jmp/0xz  T_0.8, 8;
    %pushi/vec4 2, 0, 2;
    %assign/vec4 v0x561bba040b20_0, 0;
    %pushi/vec4 0, 0, 1;
    %assign/vec4 v0x561bba040a60_0, 0;
    %jmp T_0.9;
T_0.8 ;
    %pushi/vec4 0, 0, 1;
    %assign/vec4 v0x561bba040a60_0, 0;
T_0.9 ;
    %jmp T_0.5;
T_0.4 ;
    %load/vec4 v0x561bba040990_0;
    %flag_set/vec4 8;
    %jmp/0xz  T_0.10, 8;
    %pushi/vec4 1, 0, 2;
    %assign/vec4 v0x561bba040b20_0, 0;
    %pushi/vec4 1, 0, 1;
    %assign/vec4 v0x561bba040a60_0, 0;
    %jmp T_0.11;
T_0.10 ;
    %pushi/vec4 0, 0, 2;
    %assign/vec4 v0x561bba040b20_0, 0;
    %pushi/vec4 0, 0, 1;
    %assign/vec4 v0x561bba040a60_0, 0;
T_0.11 ;
    %jmp T_0.5;
T_0.5 ;
    %pop/vec4 1;
T_0.1 ;
    %jmp T_0;
    .thread T_0;
    .scope S_0x561bba02a120;
T_1 ;
    %pushi/vec4 0, 0, 1;
    %store/vec4 v0x561bba040d90_0, 0, 1;
    %pushi/vec4 0, 0, 1;
    %store/vec4 v0x561bba040e60_0, 0, 1;
    %pushi/vec4 1, 0, 1;
    %store/vec4 v0x561bba040cd0_0, 0, 1;
    %end;
    .thread T_1;
    .scope S_0x561bba02a120;
T_2 ;
    %delay 50000, 0;
    %load/vec4 v0x561bba040d90_0;
    %inv;
    %store/vec4 v0x561bba040d90_0, 0, 1;
    %jmp T_2;
    .thread T_2;
    .scope S_0x561bba02a120;
T_3 ;
    %vpi_call 2 19 "$monitor", "in = %b, out = %b", v0x561bba040e60_0, v0x561bba040f60_0 {0 0 0};
    %vpi_call 2 20 "$dumpfile", "mealy_o.vcd" {0 0 0};
    %vpi_call 2 21 "$dumpvars", 32'sb00000000000000000000000000000000, v0x561bba040e60_0, v0x561bba040f60_0, v0x561bba040d90_0, v0x561bba040cd0_0 {0 0 0};
    %pushi/vec4 1, 0, 1;
    %store/vec4 v0x561bba040cd0_0, 0, 1;
    %pushi/vec4 0, 0, 1;
    %store/vec4 v0x561bba040e60_0, 0, 1;
    %delay 100000, 0;
    %pushi/vec4 0, 0, 1;
    %store/vec4 v0x561bba040cd0_0, 0, 1;
    %delay 50000, 0;
    %pushi/vec4 1, 0, 1;
    %store/vec4 v0x561bba040e60_0, 0, 1;
    %delay 50000, 0;
    %pushi/vec4 0, 0, 1;
    %store/vec4 v0x561bba040e60_0, 0, 1;
    %delay 50000, 0;
    %pushi/vec4 0, 0, 1;
    %store/vec4 v0x561bba040e60_0, 0, 1;
    %delay 50000, 0;
    %pushi/vec4 1, 0, 1;
    %store/vec4 v0x561bba040e60_0, 0, 1;
    %delay 50000, 0;
    %pushi/vec4 1, 0, 1;
    %store/vec4 v0x561bba040e60_0, 0, 1;
    %delay 50000, 0;
    %pushi/vec4 0, 0, 1;
    %store/vec4 v0x561bba040e60_0, 0, 1;
    %delay 50000, 0;
    %pushi/vec4 0, 0, 1;
    %store/vec4 v0x561bba040e60_0, 0, 1;
    %delay 50000, 0;
    %pushi/vec4 1, 0, 1;
    %store/vec4 v0x561bba040e60_0, 0, 1;
    %delay 50000, 0;
    %pushi/vec4 1, 0, 1;
    %store/vec4 v0x561bba040e60_0, 0, 1;
    %delay 1000000, 0;
    %vpi_call 2 36 "$finish" {0 0 0};
    %end;
    .thread T_3;
# The file index is used to find the file name in the following table.
:file_names 4;
    "N/A";
    "<interactive>";
    "mealy_o_tb.v";
    "mealy_o.v";
