#! /usr/bin/vvp
:ivl_version "10.3 (stable)";
:ivl_delay_selection "TYPICAL";
:vpi_time_precision - 12;
:vpi_module "system";
:vpi_module "vhdl_sys";
:vpi_module "v2005_math";
:vpi_module "va_math";
S_0x55574c7649a0 .scope module, "tb" "tb" 2 2;
 .timescale -8 -12;
P_0x55574c764b20 .param/l "N" 0 2 3, +C4<00000000000000000000000000000100>;
v0x55574c778100_0 .var "A", 3 0;
v0x55574c7781c0_0 .var "E", 0 0;
v0x55574c778290_0 .net "Y", 0 0, v0x55574c777da0_0;  1 drivers
S_0x55574c72d030 .scope module, "dut" "parity_gen" 2 7, 3 1 0, S_0x55574c7649a0;
 .timescale 0 0;
    .port_info 0 /INPUT 4 "A"
    .port_info 1 /OUTPUT 1 "Y"
    .port_info 2 /INPUT 1 "E"
P_0x55574c72d200 .param/l "N" 0 3 2, +C4<00000000000000000000000000000100>;
v0x55574c72d350_0 .net "A", 3 0, v0x55574c778100_0;  1 drivers
v0x55574c777ce0_0 .net "E", 0 0, v0x55574c7781c0_0;  1 drivers
v0x55574c777da0_0 .var "Y", 0 0;
v0x55574c777e70_0 .var/i "c", 31 0;
v0x55574c777f50_0 .var/i "i", 31 0;
E_0x55574c72d9b0 .event edge, v0x55574c777f50_0, v0x55574c72d350_0, v0x55574c777e70_0, v0x55574c777ce0_0;
    .scope S_0x55574c72d030;
T_0 ;
    %wait E_0x55574c72d9b0;
    %pushi/vec4 0, 0, 32;
    %store/vec4 v0x55574c777e70_0, 0, 32;
    %pushi/vec4 0, 0, 32;
    %store/vec4 v0x55574c777f50_0, 0, 32;
T_0.0 ;
    %load/vec4 v0x55574c777f50_0;
    %cmpi/s 4, 0, 32;
    %jmp/0xz T_0.1, 5;
    %load/vec4 v0x55574c72d350_0;
    %load/vec4 v0x55574c777f50_0;
    %part/s 1;
    %flag_set/vec4 8;
    %jmp/0xz  T_0.2, 8;
    %load/vec4 v0x55574c777e70_0;
    %addi 1, 0, 32;
    %store/vec4 v0x55574c777e70_0, 0, 32;
T_0.2 ;
    %load/vec4 v0x55574c777f50_0;
    %addi 1, 0, 32;
    %store/vec4 v0x55574c777f50_0, 0, 32;
    %jmp T_0.0;
T_0.1 ;
    %load/vec4 v0x55574c777ce0_0;
    %pad/u 32;
    %cmpi/e 1, 0, 32;
    %flag_mov 8, 4;
    %jmp/0 T_0.4, 8;
    %load/vec4 v0x55574c777e70_0;
    %pushi/vec4 2, 0, 32;
    %mod/s;
    %cmpi/ne 0, 0, 32;
    %flag_mov 9, 4;
    %jmp/0 T_0.6, 9;
    %pushi/vec4 1, 0, 1;
    %jmp/1 T_0.7, 9;
T_0.6 ; End of true expr.
    %pushi/vec4 0, 0, 1;
    %jmp/0 T_0.7, 9;
 ; End of false expr.
    %blend;
T_0.7;
    %jmp/1 T_0.5, 8;
T_0.4 ; End of true expr.
    %load/vec4 v0x55574c777e70_0;
    %pushi/vec4 2, 0, 32;
    %mod/s;
    %cmpi/ne 0, 0, 32;
    %flag_mov 9, 4;
    %jmp/0 T_0.8, 9;
    %pushi/vec4 0, 0, 1;
    %jmp/1 T_0.9, 9;
T_0.8 ; End of true expr.
    %pushi/vec4 1, 0, 1;
    %jmp/0 T_0.9, 9;
 ; End of false expr.
    %blend;
T_0.9;
    %jmp/0 T_0.5, 8;
 ; End of false expr.
    %blend;
T_0.5;
    %store/vec4 v0x55574c777da0_0, 0, 1;
    %jmp T_0;
    .thread T_0, $push;
    .scope S_0x55574c7649a0;
T_1 ;
    %vpi_call 2 9 "$monitor", "A = %b, Y = %b, E = %b", v0x55574c778100_0, v0x55574c778290_0, v0x55574c7781c0_0 {0 0 0};
    %vpi_call 2 10 "$dumpfile", "parity.vcd" {0 0 0};
    %vpi_call 2 11 "$dumpvars", 32'sb00000000000000000000000000000000, v0x55574c778100_0, v0x55574c778290_0, v0x55574c7781c0_0 {0 0 0};
    %pushi/vec4 1, 0, 1;
    %store/vec4 v0x55574c7781c0_0, 0, 1;
    %pushi/vec4 2, 0, 4;
    %store/vec4 v0x55574c778100_0, 0, 4;
    %delay 20000, 0;
    %pushi/vec4 3, 0, 4;
    %store/vec4 v0x55574c778100_0, 0, 4;
    %delay 20000, 0;
    %pushi/vec4 0, 0, 4;
    %store/vec4 v0x55574c778100_0, 0, 4;
    %delay 20000, 0;
    %pushi/vec4 0, 0, 1;
    %store/vec4 v0x55574c7781c0_0, 0, 1;
    %delay 10000, 0;
    %pushi/vec4 2, 0, 4;
    %store/vec4 v0x55574c778100_0, 0, 4;
    %delay 20000, 0;
    %pushi/vec4 3, 0, 4;
    %store/vec4 v0x55574c778100_0, 0, 4;
    %delay 20000, 0;
    %pushi/vec4 0, 0, 4;
    %store/vec4 v0x55574c778100_0, 0, 4;
    %delay 20000, 0;
    %vpi_call 2 19 "$finish" {0 0 0};
    %end;
    .thread T_1;
# The file index is used to find the file name in the following table.
:file_names 4;
    "N/A";
    "<interactive>";
    "parity_tb.v";
    "parity.v";
