#! /usr/bin/vvp
:ivl_version "10.3 (stable)";
:ivl_delay_selection "TYPICAL";
:vpi_time_precision - 12;
:vpi_module "system";
:vpi_module "vhdl_sys";
:vpi_module "v2005_math";
:vpi_module "va_math";
S_0x5606f24c2640 .scope module, "tb" "tb" 2 2;
 .timescale -8 -12;
P_0x5606f24c27c0 .param/l "N" 0 2 3, +C4<00000000000000000000000000000100>;
v0x5606f24d5c00_0 .var "A", 3 0;
v0x5606f24d5cc0_0 .var "E", 0 0;
v0x5606f24d5d90_0 .net "Y", 0 0, v0x5606f24d58d0_0;  1 drivers
E_0x5606f248b9b0 .event edge, v0x5606f248b2f0_0, v0x5606f24d58d0_0, v0x5606f24d5810_0;
S_0x5606f248b030 .scope module, "dut" "parity_gen" 2 7, 3 1 0, S_0x5606f24c2640;
 .timescale 0 0;
    .port_info 0 /INPUT 4 "A"
    .port_info 1 /OUTPUT 1 "Y"
    .port_info 2 /INPUT 1 "E"
P_0x5606f248b200 .param/l "N" 0 3 2, +C4<00000000000000000000000000000100>;
v0x5606f248b2f0_0 .net "A", 3 0, v0x5606f24d5c00_0;  1 drivers
v0x5606f24d5810_0 .net "E", 0 0, v0x5606f24d5cc0_0;  1 drivers
v0x5606f24d58d0_0 .var "Y", 0 0;
v0x5606f24d5970_0 .var/i "c", 31 0;
v0x5606f24d5a50_0 .var/i "i", 31 0;
    .scope S_0x5606f248b030;
T_0 ;
    %pushi/vec4 0, 0, 32;
    %store/vec4 v0x5606f24d5970_0, 0, 32;
    %pushi/vec4 0, 0, 32;
    %store/vec4 v0x5606f24d5a50_0, 0, 32;
T_0.0 ;
    %load/vec4 v0x5606f24d5a50_0;
    %cmpi/s 4, 0, 32;
    %jmp/0xz T_0.1, 5;
    %load/vec4 v0x5606f248b2f0_0;
    %load/vec4 v0x5606f24d5a50_0;
    %part/s 1;
    %flag_set/vec4 8;
    %jmp/0xz  T_0.2, 8;
    %load/vec4 v0x5606f24d5970_0;
    %addi 1, 0, 32;
    %store/vec4 v0x5606f24d5970_0, 0, 32;
T_0.2 ;
    %load/vec4 v0x5606f24d5a50_0;
    %addi 1, 0, 32;
    %store/vec4 v0x5606f24d5a50_0, 0, 32;
    %jmp T_0.0;
T_0.1 ;
    %load/vec4 v0x5606f24d5810_0;
    %pad/u 32;
    %cmpi/e 1, 0, 32;
    %flag_mov 8, 4;
    %jmp/0 T_0.4, 8;
    %load/vec4 v0x5606f24d5970_0;
    %pushi/vec4 2, 0, 32;
    %mod/s;
    %cmpi/ne 0, 0, 32;
    %flag_mov 9, 4;
    %jmp/0 T_0.6, 9;
    %pushi/vec4 1, 0, 1;
    %jmp/1 T_0.7, 9;
T_0.6 ; End of true expr.
    %pushi/vec4 0, 0, 1;
    %jmp/0 T_0.7, 9;
 ; End of false expr.
    %blend;
T_0.7;
    %jmp/1 T_0.5, 8;
T_0.4 ; End of true expr.
    %load/vec4 v0x5606f24d5970_0;
    %pushi/vec4 2, 0, 32;
    %mod/s;
    %cmpi/ne 0, 0, 32;
    %flag_mov 9, 4;
    %jmp/0 T_0.8, 9;
    %pushi/vec4 0, 0, 1;
    %jmp/1 T_0.9, 9;
T_0.8 ; End of true expr.
    %pushi/vec4 1, 0, 1;
    %jmp/0 T_0.9, 9;
 ; End of false expr.
    %blend;
T_0.9;
    %jmp/0 T_0.5, 8;
 ; End of false expr.
    %blend;
T_0.5;
    %store/vec4 v0x5606f24d58d0_0, 0, 1;
    %end;
    .thread T_0;
    .scope S_0x5606f24c2640;
T_1 ;
    %wait E_0x5606f248b9b0;
    %vpi_call 2 9 "$monitor", "A = %b, Y = %b, E = %b", v0x5606f24d5c00_0, v0x5606f24d5d90_0, v0x5606f24d5cc0_0 {0 0 0};
    %vpi_call 2 10 "$dumpfile", "parity.vcd" {0 0 0};
    %vpi_call 2 11 "$dumpvars", 32'sb00000000000000000000000000000000, v0x5606f24d5c00_0, v0x5606f24d5d90_0, v0x5606f24d5cc0_0 {0 0 0};
    %pushi/vec4 1, 0, 1;
    %store/vec4 v0x5606f24d5cc0_0, 0, 1;
    %pushi/vec4 2, 0, 4;
    %store/vec4 v0x5606f24d5c00_0, 0, 4;
    %delay 20000, 0;
    %pushi/vec4 3, 0, 4;
    %store/vec4 v0x5606f24d5c00_0, 0, 4;
    %delay 20000, 0;
    %pushi/vec4 0, 0, 4;
    %store/vec4 v0x5606f24d5c00_0, 0, 4;
    %delay 20000, 0;
    %pushi/vec4 0, 0, 1;
    %store/vec4 v0x5606f24d5cc0_0, 0, 1;
    %pushi/vec4 2, 0, 4;
    %store/vec4 v0x5606f24d5c00_0, 0, 4;
    %delay 20000, 0;
    %pushi/vec4 3, 0, 4;
    %store/vec4 v0x5606f24d5c00_0, 0, 4;
    %delay 20000, 0;
    %pushi/vec4 0, 0, 4;
    %store/vec4 v0x5606f24d5c00_0, 0, 4;
    %delay 20000, 0;
    %vpi_call 2 19 "$finish" {0 0 0};
    %jmp T_1;
    .thread T_1, $push;
# The file index is used to find the file name in the following table.
:file_names 4;
    "N/A";
    "<interactive>";
    "parity_tb.v";
    "parity.v";
