#! /usr/bin/vvp
:ivl_version "10.3 (stable)";
:ivl_delay_selection "TYPICAL";
:vpi_time_precision - 12;
:vpi_module "system";
:vpi_module "vhdl_sys";
:vpi_module "v2005_math";
:vpi_module "va_math";
S_0x55edcced2d70 .scope module, "tb" "tb" 2 2;
 .timescale -8 -12;
P_0x55edcced2bc0 .param/l "N" 0 2 3, +C4<00000000000000000000000000000100>;
v0x55edccf09940_0 .var "D", 15 0;
v0x55edccf09a30_0 .net "Q", 3 0, v0x55edccf09710_0;  1 drivers
v0x55edccf09b00_0 .var/i "p", 31 0;
S_0x55edccef75f0 .scope module, "dut" "priority_encoder" 2 8, 3 1 0, S_0x55edcced2d70;
 .timescale 0 0;
    .port_info 0 /INPUT 16 "D"
    .port_info 1 /OUTPUT 4 "Q"
P_0x55edccef77c0 .param/l "N" 0 3 2, +C4<00000000000000000000000000000100>;
v0x55edccef7860_0 .net "D", 15 0, v0x55edccf09940_0;  1 drivers
v0x55edccf09710_0 .var "Q", 3 0;
v0x55edccf097f0_0 .var/i "i", 31 0;
E_0x55edccef8de0 .event edge, v0x55edccf097f0_0, v0x55edccef7860_0;
    .scope S_0x55edccef75f0;
T_0 ;
    %wait E_0x55edccef8de0;
    %pushi/vec4 15, 15, 4;
    %store/vec4 v0x55edccf09710_0, 0, 4;
    %pushi/vec4 0, 0, 32;
    %store/vec4 v0x55edccf097f0_0, 0, 32;
T_0.0 ;
    %load/vec4 v0x55edccf097f0_0;
    %cmpi/s 16, 0, 32;
    %jmp/0xz T_0.1, 5;
    %load/vec4 v0x55edccef7860_0;
    %load/vec4 v0x55edccf097f0_0;
    %part/s 1;
    %flag_set/vec4 8;
    %jmp/0xz  T_0.2, 8;
    %pushi/vec4 0, 0, 4;
    %store/vec4 v0x55edccf09710_0, 0, 4;
    %load/vec4 v0x55edccf097f0_0;
    %pad/s 4;
    %store/vec4 v0x55edccf09710_0, 0, 4;
T_0.2 ;
    %load/vec4 v0x55edccf097f0_0;
    %addi 1, 0, 32;
    %store/vec4 v0x55edccf097f0_0, 0, 32;
    %jmp T_0.0;
T_0.1 ;
    %jmp T_0;
    .thread T_0, $push;
    .scope S_0x55edcced2d70;
T_1 ;
    %pushi/vec4 0, 0, 16;
    %store/vec4 v0x55edccf09940_0, 0, 16;
    %pushi/vec4 16, 0, 32;
    %store/vec4 v0x55edccf09b00_0, 0, 32;
    %end;
    .thread T_1;
    .scope S_0x55edcced2d70;
T_2 ;
    %vpi_call 2 10 "$monitor", "D = %b, Q = %b", v0x55edccf09940_0, v0x55edccf09a30_0 {0 0 0};
    %vpi_call 2 11 "$dumpfile", "priority.vcd" {0 0 0};
    %vpi_call 2 12 "$dumpvars", 32'sb00000000000000000000000000000000, v0x55edccf09940_0, v0x55edccf09a30_0 {0 0 0};
    %pushi/vec4 20, 0, 32;
T_2.0 %dup/vec4;
    %pushi/vec4 0, 0, 32;
    %cmp/s;
    %jmp/1xz T_2.1, 5;
    %jmp/1 T_2.1, 4;
    %pushi/vec4 1, 0, 32;
    %sub;
    %delay 20000, 0;
    %load/vec4 v0x55edccf09940_0;
    %addi 1, 0, 16;
    %store/vec4 v0x55edccf09940_0, 0, 16;
    %jmp T_2.0;
T_2.1 ;
    %pop/vec4 1;
    %delay 20000, 0;
    %vpi_call 2 15 "$finish" {0 0 0};
    %end;
    .thread T_2;
# The file index is used to find the file name in the following table.
:file_names 4;
    "N/A";
    "<interactive>";
    "priority_tb.v";
    "priority.v";
